[2022-08-14 19:43:41] - Autowiring by type from bean name 'org.springframework.boot.autoconfigure.data.web.SpringDataWebAutoConfiguration' via constructor to bean named 'spring.data.web-org.springframework.boot.autoconfigure.data.web.SpringDataWebProperties'
[2022-08-14 19:43:41] - Creating shared instance of singleton bean 'pageableResolver'
[2022-08-14 19:43:41] - Creating shared instance of singleton bean 'pageableCustomizer'
[2022-08-14 19:43:41] - Creating shared instance of singleton bean 'applicationTaskExecutor'
[2022-08-14 19:43:41] - Autowiring by type from bean name 'applicationTaskExecutor' via factory method to bean named 'taskExecutorBuilder'
[2022-08-14 19:43:41] - Initializing ExecutorService 'applicationTaskExecutor'
[2022-08-14 19:43:41] - Creating shared instance of singleton bean 'refreshEventListener'
[2022-08-14 19:43:41] - Creating shared instance of singleton bean 'org.springframework.cloud.autoconfigure.RefreshAutoConfiguration'
[2022-08-14 19:43:41] - Creating shared instance of singleton bean 'configDataContextRefresher'
[2022-08-14 19:43:41] - Creating shared instance of singleton bean 'spring.cloud.refresh-org.springframework.cloud.autoconfigure.RefreshAutoConfiguration$RefreshProperties'
[2022-08-14 19:43:41] - Autowiring by type from bean name 'configDataContextRefresher' via factory method to bean named 'org.springframework.boot.web.servlet.context.AnnotationConfigServletWebServerApplicationContext@6138e79a'
[2022-08-14 19:43:41] - Autowiring by type from bean name 'configDataContextRefresher' via factory method to bean named 'refreshScope'
[2022-08-14 19:43:41] - Autowiring by type from bean name 'configDataContextRefresher' via factory method to bean named 'spring.cloud.refresh-org.springframework.cloud.autoconfigure.RefreshAutoConfiguration$RefreshProperties'
[2022-08-14 19:43:41] - Autowiring by type from bean name 'refreshEventListener' via factory method to bean named 'configDataContextRefresher'
[2022-08-14 19:43:41] - Creating shared instance of singleton bean 'eurekaAutoServiceRegistration'
[2022-08-14 19:43:41] - Creating shared instance of singleton bean 'org.springframework.cloud.netflix.eureka.EurekaClientAutoConfiguration'
[2022-08-14 19:43:41] - Autowiring by type from bean name 'org.springframework.cloud.netflix.eureka.EurekaClientAutoConfiguration' via constructor to bean named 'environment'
[2022-08-14 19:43:41] - Creating shared instance of singleton bean 'eurekaServiceRegistry'
[2022-08-14 19:43:41] - Creating shared instance of singleton bean 'eurekaRegistration'
[2022-08-14 19:43:41] - Autowiring by type from bean name 'eurekaAutoServiceRegistration' via factory method to bean named 'org.springframework.boot.web.servlet.context.AnnotationConfigServletWebServerApplicationContext@6138e79a'
[2022-08-14 19:43:41] - Autowiring by type from bean name 'eurekaAutoServiceRegistration' via factory method to bean named 'eurekaServiceRegistry'
[2022-08-14 19:43:41] - Autowiring by type from bean name 'eurekaAutoServiceRegistration' via factory method to bean named 'eurekaRegistration'
[2022-08-14 19:43:41] - Creating shared instance of singleton bean 'localeResolver'
[2022-08-14 19:43:41] - Creating shared instance of singleton bean 'themeResolver'
[2022-08-14 19:43:41] - Creating shared instance of singleton bean 'flashMapManager'
[2022-08-14 19:43:41] - Creating shared instance of singleton bean 'mvcPatternParser'
[2022-08-14 19:43:41] - Creating shared instance of singleton bean 'mvcUrlPathHelper'
[2022-08-14 19:43:41] - Creating shared instance of singleton bean 'mvcPathMatcher'
[2022-08-14 19:43:41] - Creating shared instance of singleton bean 'handlerFunctionAdapter'
[2022-08-14 19:43:41] - Creating shared instance of singleton bean 'mvcUriComponentsContributor'
[2022-08-14 19:43:41] - Autowiring by type from bean name 'mvcUriComponentsContributor' via factory method to bean named 'mvcConversionService'
[2022-08-14 19:43:41] - Autowiring by type from bean name 'mvcUriComponentsContributor' via factory method to bean named 'requestMappingHandlerAdapter'
[2022-08-14 19:43:41] - Creating shared instance of singleton bean 'httpRequestHandlerAdapter'
[2022-08-14 19:43:41] - Creating shared instance of singleton bean 'simpleControllerHandlerAdapter'
[2022-08-14 19:43:41] - Creating shared instance of singleton bean 'handlerExceptionResolver'
[2022-08-14 19:43:41] - Autowiring by type from bean name 'handlerExceptionResolver' via factory method to bean named 'mvcContentNegotiationManager'
[2022-08-14 19:43:41] - Creating shared instance of singleton bean 'mvcViewResolver'
[2022-08-14 19:43:41] - Autowiring by type from bean name 'mvcViewResolver' via factory method to bean named 'mvcContentNegotiationManager'
[2022-08-14 19:43:41] - Creating shared instance of singleton bean 'viewNameTranslator'
[2022-08-14 19:43:41] - Creating shared instance of singleton bean 'defaultViewResolver'
[2022-08-14 19:43:41] - Creating shared instance of singleton bean 'viewResolver'
[2022-08-14 19:43:41] - Autowiring by type from bean name 'viewResolver' via factory method to bean named 'org.springframework.beans.factory.support.DefaultListableBeanFactory@3b77a04f'
[2022-08-14 19:43:41] - Creating shared instance of singleton bean 'viewResolver'
[2022-08-14 19:43:41] - Creating shared instance of singleton bean 'org.springframework.boot.autoconfigure.aop.AopAutoConfiguration$AspectJAutoProxyingConfiguration$CglibAutoProxyConfiguration'
[2022-08-14 19:43:41] - Creating shared instance of singleton bean 'org.springframework.boot.autoconfigure.aop.AopAutoConfiguration$AspectJAutoProxyingConfiguration'
[2022-08-14 19:43:41] - Creating shared instance of singleton bean 'org.springframework.boot.autoconfigure.aop.AopAutoConfiguration'
[2022-08-14 19:43:41] - Creating shared instance of singleton bean 'org.springframework.boot.autoconfigure.availability.ApplicationAvailabilityAutoConfiguration'
[2022-08-14 19:43:41] - Creating shared instance of singleton bean 'applicationAvailability'
[2022-08-14 19:43:41] - Creating shared instance of singleton bean 'org.springframework.boot.autoconfigure.transaction.jta.JtaAutoConfiguration'
[2022-08-14 19:43:41] - Creating shared instance of singleton bean 'org.springframework.boot.autoconfigure.jdbc.DataSourceJmxConfiguration$Hikari'
[2022-08-14 19:43:41] - Autowiring by type from bean name 'org.springframework.boot.autoconfigure.jdbc.DataSourceJmxConfiguration$Hikari' via constructor to bean named 'dataSource'
[2022-08-14 19:43:41] - Creating shared instance of singleton bean 'org.springframework.boot.autoconfigure.jdbc.DataSourceJmxConfiguration'
[2022-08-14 19:43:41] - Creating shared instance of singleton bean 'org.springframework.boot.autoconfigure.jdbc.DataSourceAutoConfiguration$PooledDataSourceConfiguration'
[2022-08-14 19:43:41] - Creating shared instance of singleton bean 'org.springframework.boot.autoconfigure.jdbc.metadata.DataSourcePoolMetadataProvidersConfiguration'
[2022-08-14 19:43:41] - Creating shared instance of singleton bean 'org.springframework.boot.autoconfigure.jdbc.DataSourceAutoConfiguration'
[2022-08-14 19:43:41] - Creating shared instance of singleton bean 'loggingRebinder'
[2022-08-14 19:43:41] - Creating shared instance of singleton bean 'transactionManager'
[2022-08-14 19:43:41] - Creating shared instance of singleton bean 'platformTransactionManagerCustomizers'
[2022-08-14 19:43:41] - Creating shared instance of singleton bean 'org.springframework.boot.autoconfigure.transaction.TransactionAutoConfiguration'
[2022-08-14 19:43:41] - Creating shared instance of singleton bean 'spring.transaction-org.springframework.boot.autoconfigure.transaction.TransactionProperties'
[2022-08-14 19:43:41] - Creating shared instance of singleton bean 'org.springframework.boot.autoconfigure.orm.jpa.HibernateJpaAutoConfiguration'
[2022-08-14 19:43:41] - Creating shared instance of singleton bean 'org.springframework.boot.autoconfigure.context.ConfigurationPropertiesAutoConfiguration'
[2022-08-14 19:43:41] - Creating shared instance of singleton bean 'org.springframework.boot.autoconfigure.context.LifecycleAutoConfiguration'
[2022-08-14 19:43:41] - Creating shared instance of singleton bean 'lifecycleProcessor'
[2022-08-14 19:43:41] - Creating shared instance of singleton bean 'spring.lifecycle-org.springframework.boot.autoconfigure.context.LifecycleProperties'
[2022-08-14 19:43:41] - Autowiring by type from bean name 'lifecycleProcessor' via factory method to bean named 'spring.lifecycle-org.springframework.boot.autoconfigure.context.LifecycleProperties'
[2022-08-14 19:43:41] - Creating shared instance of singleton bean 'org.springframework.boot.autoconfigure.dao.PersistenceExceptionTranslationAutoConfiguration'
[2022-08-14 19:43:41] - Creating shared instance of singleton bean 'org.springframework.boot.autoconfigure.data.jpa.JpaRepositoriesAutoConfiguration'
[2022-08-14 19:43:41] - Creating shared instance of singleton bean 'org.springframework.data.jpa.util.JpaMetamodelCacheCleanup'
[2022-08-14 19:43:41] - Creating shared instance of singleton bean 'org.springframework.data.jpa.repository.support.JpaEvaluationContextExtension'
[2022-08-14 19:43:41] - Creating shared instance of singleton bean 'org.springframework.boot.autoconfigure.gson.GsonAutoConfiguration'
[2022-08-14 19:43:41] - Creating shared instance of singleton bean 'gsonBuilder'
[2022-08-14 19:43:41] - Creating shared instance of singleton bean 'standardGsonBuilderCustomizer'
[2022-08-14 19:43:41] - Creating shared instance of singleton bean 'spring.gson-org.springframework.boot.autoconfigure.gson.GsonProperties'
[2022-08-14 19:43:41] - Autowiring by type from bean name 'standardGsonBuilderCustomizer' via factory method to bean named 'spring.gson-org.springframework.boot.autoconfigure.gson.GsonProperties'
[2022-08-14 19:43:41] - Autowiring by type from bean name 'gsonBuilder' via factory method to bean named 'standardGsonBuilderCustomizer'
[2022-08-14 19:43:41] - Creating shared instance of singleton bean 'gson'
[2022-08-14 19:43:41] - Autowiring by type from bean name 'gson' via factory method to bean named 'gsonBuilder'
[2022-08-14 19:43:41] - Creating shared instance of singleton bean 'org.springframework.boot.autoconfigure.http.JacksonHttpMessageConvertersConfiguration'
[2022-08-14 19:43:41] - Creating shared instance of singleton bean 'org.springframework.boot.autoconfigure.http.GsonHttpMessageConvertersConfiguration'
[2022-08-14 19:43:41] - Creating shared instance of singleton bean 'org.springframework.data.web.config.ProjectingArgumentResolverRegistrar'
[2022-08-14 19:43:41] - Creating shared instance of singleton bean 'org.springframework.boot.autoconfigure.info.ProjectInfoAutoConfiguration'
[2022-08-14 19:43:41] - Creating shared instance of singleton bean 'spring.info-org.springframework.boot.autoconfigure.info.ProjectInfoProperties'
[2022-08-14 19:43:41] - Autowiring by type from bean name 'org.springframework.boot.autoconfigure.info.ProjectInfoAutoConfiguration' via constructor to bean named 'spring.info-org.springframework.boot.autoconfigure.info.ProjectInfoProperties'
[2022-08-14 19:43:41] - Creating shared instance of singleton bean 'org.springframework.boot.autoconfigure.jdbc.JdbcTemplateConfiguration'
[2022-08-14 19:43:41] - Creating shared instance of singleton bean 'dataSourceScriptDatabaseInitializer'
[2022-08-14 19:43:41] - Creating shared instance of singleton bean 'org.springframework.boot.autoconfigure.sql.init.DataSourceInitializationConfiguration'
[2022-08-14 19:43:41] - Creating shared instance of singleton bean 'spring.sql.init-org.springframework.boot.autoconfigure.sql.init.SqlInitializationProperties'
[2022-08-14 19:43:41] - Autowiring by type from bean name 'dataSourceScriptDatabaseInitializer' via factory method to bean named 'dataSource'
[2022-08-14 19:43:41] - Autowiring by type from bean name 'dataSourceScriptDatabaseInitializer' via factory method to bean named 'spring.sql.init-org.springframework.boot.autoconfigure.sql.init.SqlInitializationProperties'
[2022-08-14 19:43:41] - Fetching JDBC Connection from DataSource
[2022-08-14 19:43:41] - Fetching JDBC Connection from DataSource
[2022-08-14 19:43:41] - Executing SQL script from URL [file:/E:/Pension%20Manage/Pension%20Management%20v4/AuthorizationService/target/classes/data.sql]
[2022-08-14 19:43:41] - 1 returned as update count for SQL: INSERT INTO "PUBLIC"."USER"("ID","EMAIL_ID","NAME","PASSWORD","PHONE","USERNAME")VALUES(1001,'admin@abc.com','penadmin','admin',6280452128,'penadmin')
[2022-08-14 19:43:41] - 1 returned as update count for SQL: INSERT INTO "PUBLIC"."USER"("ID","EMAIL_ID","NAME","PASSWORD","PHONE","USERNAME")VALUES(1002,'admincd@abc.com','admin','admin',8481280456,'admin01')
[2022-08-14 19:43:41] - 1 returned as update count for SQL: INSERT INTO "PUBLIC"."USER"("ID","EMAIL_ID","NAME","PASSWORD","PHONE","USERNAME")VALUES(1003,'admin02@pen.com','Admin02','admin02',1234567890,'admin02')
[2022-08-14 19:43:41] - 1 returned as update count for SQL: INSERT INTO "PUBLIC"."USER"("ID","EMAIL_ID","NAME","PASSWORD","PHONE","USERNAME")VALUES(1004,'Dwaipayan@pen.com','Dwaipayan','admin',1234567890,'Dwaipayan@98')
[2022-08-14 19:43:41] - Executed SQL script from URL [file:/E:/Pension%20Manage/Pension%20Management%20v4/AuthorizationService/target/classes/data.sql] in 3 ms.
[2022-08-14 19:43:41] - Creating shared instance of singleton bean 'jdbcTemplate'
[2022-08-14 19:43:41] - Creating shared instance of singleton bean 'spring.jdbc-org.springframework.boot.autoconfigure.jdbc.JdbcProperties'
[2022-08-14 19:43:41] - Autowiring by type from bean name 'jdbcTemplate' via factory method to bean named 'dataSource'
[2022-08-14 19:43:41] - Autowiring by type from bean name 'jdbcTemplate' via factory method to bean named 'spring.jdbc-org.springframework.boot.autoconfigure.jdbc.JdbcProperties'
[2022-08-14 19:43:41] - Creating shared instance of singleton bean 'org.springframework.boot.autoconfigure.jdbc.NamedParameterJdbcTemplateConfiguration'
[2022-08-14 19:43:41] - Creating shared instance of singleton bean 'namedParameterJdbcTemplate'
[2022-08-14 19:43:41] - Autowiring by type from bean name 'namedParameterJdbcTemplate' via factory method to bean named 'jdbcTemplate'
[2022-08-14 19:43:41] - Creating shared instance of singleton bean 'org.springframework.boot.autoconfigure.jdbc.JdbcTemplateAutoConfiguration'
[2022-08-14 19:43:41] - Creating shared instance of singleton bean 'org.springframework.boot.autoconfigure.security.servlet.SpringBootWebSecurityConfiguration'
[2022-08-14 19:43:41] - Creating shared instance of singleton bean 'org.springframework.boot.autoconfigure.sql.init.SqlInitializationAutoConfiguration'
[2022-08-14 19:43:41] - Creating shared instance of singleton bean 'org.springframework.boot.autoconfigure.task.TaskSchedulingAutoConfiguration'
[2022-08-14 19:43:41] - Creating shared instance of singleton bean 'scheduledBeanLazyInitializationExcludeFilter'
[2022-08-14 19:43:41] - Creating shared instance of singleton bean 'taskSchedulerBuilder'
[2022-08-14 19:43:41] - Creating shared instance of singleton bean 'spring.task.scheduling-org.springframework.boot.autoconfigure.task.TaskSchedulingProperties'
[2022-08-14 19:43:41] - Autowiring by type from bean name 'taskSchedulerBuilder' via factory method to bean named 'spring.task.scheduling-org.springframework.boot.autoconfigure.task.TaskSchedulingProperties'
[2022-08-14 19:43:41] - Creating shared instance of singleton bean 'org.springframework.boot.autoconfigure.jdbc.DataSourceTransactionManagerAutoConfiguration$JdbcTransactionManagerConfiguration'
[2022-08-14 19:43:41] - Creating shared instance of singleton bean 'org.springframework.boot.autoconfigure.jdbc.DataSourceTransactionManagerAutoConfiguration'
[2022-08-14 19:43:41] - Creating shared instance of singleton bean 'org.springframework.boot.autoconfigure.transaction.TransactionAutoConfiguration$EnableTransactionManagementConfiguration$CglibAutoProxyConfiguration'
[2022-08-14 19:43:41] - Creating shared instance of singleton bean 'org.springframework.boot.autoconfigure.transaction.TransactionAutoConfiguration$EnableTransactionManagementConfiguration'
[2022-08-14 19:43:41] - Creating shared instance of singleton bean 'org.springframework.boot.autoconfigure.transaction.TransactionAutoConfiguration$TransactionTemplateConfiguration'
[2022-08-14 19:43:41] - Creating shared instance of singleton bean 'transactionTemplate'
[2022-08-14 19:43:41] - Autowiring by type from bean name 'transactionTemplate' via factory method to bean named 'transactionManager'
[2022-08-14 19:43:41] - Creating shared instance of singleton bean 'org.springframework.boot.autoconfigure.web.client.RestTemplateAutoConfiguration'
[2022-08-14 19:43:41] - Creating shared instance of singleton bean 'org.springframework.boot.autoconfigure.web.embedded.EmbeddedWebServerFactoryCustomizerAutoConfiguration'
[2022-08-14 19:43:41] - Creating shared instance of singleton bean 'multipartResolver'
[2022-08-14 19:43:41] - Creating shared instance of singleton bean 'org.springframework.cloud.autoconfigure.ConfigurationPropertiesRebinderAutoConfiguration'
[2022-08-14 19:43:41] - Creating shared instance of singleton bean 'configurationPropertiesRebinder'
[2022-08-14 19:43:41] - Autowiring by type from bean name 'configurationPropertiesRebinder' via factory method to bean named 'configurationPropertiesBeans'
[2022-08-14 19:43:41] - Creating shared instance of singleton bean 'org.springframework.cloud.autoconfigure.LifecycleMvcEndpointAutoConfiguration'
[2022-08-14 19:43:41] - Creating shared instance of singleton bean 'environmentManager'
