[2022-08-14 19:43:41] - Autowiring by type from bean name 'optimized' via constructor to bean named 'jacksonEnumTypeDeterminer'
[2022-08-14 19:43:41] - Autowiring by type from bean name 'optimized' via constructor to bean named 'typeNameExtractor'
[2022-08-14 19:43:41] - Autowiring by type from bean name 'optimized' via constructor to bean named 'modelSpecificationFactory'
[2022-08-14 19:43:41] - Autowiring by type from bean name 'cachingModelPropertiesProvider' via constructor to bean named 'typeResolver'
[2022-08-14 19:43:41] - Autowiring by type from bean name 'cachingModelPropertiesProvider' via constructor to bean named 'optimized'
[2022-08-14 19:43:41] - Creating shared instance of singleton bean 'cachingModelDependencyProvider'
[2022-08-14 19:43:41] - Creating shared instance of singleton bean 'defaultModelDependencyProvider'
[2022-08-14 19:43:41] - Autowiring by type from bean name 'defaultModelDependencyProvider' via constructor to bean named 'typeResolver'
[2022-08-14 19:43:41] - Autowiring by type from bean name 'defaultModelDependencyProvider' via constructor to bean named 'cachingModelPropertiesProvider'
[2022-08-14 19:43:41] - Autowiring by type from bean name 'defaultModelDependencyProvider' via constructor to bean named 'typeNameExtractor'
[2022-08-14 19:43:41] - Autowiring by type from bean name 'defaultModelDependencyProvider' via constructor to bean named 'jacksonEnumTypeDeterminer'
[2022-08-14 19:43:41] - Autowiring by type from bean name 'defaultModelDependencyProvider' via constructor to bean named 'schemaPluginsManager'
[2022-08-14 19:43:41] - Autowiring by type from bean name 'cachingModelDependencyProvider' via constructor to bean named 'defaultModelDependencyProvider'
[2022-08-14 19:43:41] - Autowiring by type from bean name 'defaultModelProvider' via constructor to bean named 'cachingModelPropertiesProvider'
[2022-08-14 19:43:41] - Autowiring by type from bean name 'defaultModelProvider' via constructor to bean named 'cachingModelDependencyProvider'
[2022-08-14 19:43:41] - Autowiring by type from bean name 'defaultModelProvider' via constructor to bean named 'schemaPluginsManager'
[2022-08-14 19:43:41] - Autowiring by type from bean name 'defaultModelProvider' via constructor to bean named 'typeNameExtractor'
[2022-08-14 19:43:41] - Autowiring by type from bean name 'defaultModelProvider' via constructor to bean named 'jacksonEnumTypeDeterminer'
[2022-08-14 19:43:41] - Creating shared instance of singleton bean 'defaultModelSpecificationProvider'
[2022-08-14 19:43:41] - Autowiring by type from bean name 'defaultModelSpecificationProvider' via constructor to bean named 'typeResolver'
[2022-08-14 19:43:41] - Autowiring by type from bean name 'defaultModelSpecificationProvider' via constructor to bean named 'cachingModelPropertiesProvider'
[2022-08-14 19:43:41] - Autowiring by type from bean name 'defaultModelSpecificationProvider' via constructor to bean named 'cachingModelDependencyProvider'
[2022-08-14 19:43:41] - Autowiring by type from bean name 'defaultModelSpecificationProvider' via constructor to bean named 'schemaPluginsManager'
[2022-08-14 19:43:41] - Autowiring by type from bean name 'defaultModelSpecificationProvider' via constructor to bean named 'typeNameExtractor'
[2022-08-14 19:43:41] - Autowiring by type from bean name 'defaultModelSpecificationProvider' via constructor to bean named 'jacksonEnumTypeDeterminer'
[2022-08-14 19:43:41] - Autowiring by type from bean name 'defaultModelSpecificationProvider' via constructor to bean named 'modelSpecificationFactory'
[2022-08-14 19:43:41] - Autowiring by type from bean name 'cachingModelProvider' via constructor to bean named 'defaultModelProvider'
[2022-08-14 19:43:41] - Autowiring by type from bean name 'cachingModelProvider' via constructor to bean named 'defaultModelSpecificationProvider'
[2022-08-14 19:43:41] - Autowiring by type from bean name 'apiModelReader' via constructor to bean named 'cachingModelProvider'
[2022-08-14 19:43:41] - Autowiring by type from bean name 'apiModelReader' via constructor to bean named 'typeResolver'
[2022-08-14 19:43:41] - Autowiring by type from bean name 'apiModelReader' via constructor to bean named 'documentationPluginsManager'
[2022-08-14 19:43:41] - Autowiring by type from bean name 'apiModelReader' via constructor to bean named 'jacksonEnumTypeDeterminer'
[2022-08-14 19:43:41] - Autowiring by type from bean name 'apiModelReader' via constructor to bean named 'typeNameExtractor'
[2022-08-14 19:43:41] - Creating shared instance of singleton bean 'apiModelSpecificationReader'
[2022-08-14 19:43:41] - Autowiring by type from bean name 'apiModelSpecificationReader' via constructor to bean named 'cachingModelProvider'
[2022-08-14 19:43:41] - Autowiring by type from bean name 'apiModelSpecificationReader' via constructor to bean named 'documentationPluginsManager'
[2022-08-14 19:43:41] - Autowiring by type from bean name 'apiModelSpecificationReader' via constructor to bean named 'typeResolver'
[2022-08-14 19:43:41] - Autowiring by type from bean name 'apiListingScanner' via constructor to bean named 'apiDescriptionReader'
[2022-08-14 19:43:41] - Autowiring by type from bean name 'apiListingScanner' via constructor to bean named 'apiModelReader'
[2022-08-14 19:43:41] - Autowiring by type from bean name 'apiListingScanner' via constructor to bean named 'apiModelSpecificationReader'
[2022-08-14 19:43:41] - Autowiring by type from bean name 'apiListingScanner' via constructor to bean named 'documentationPluginsManager'
[2022-08-14 19:43:41] - Autowiring by type from bean name 'apiDocumentationScanner' via constructor to bean named 'apiListingReferenceScanner'
[2022-08-14 19:43:41] - Autowiring by type from bean name 'apiDocumentationScanner' via constructor to bean named 'apiListingScanner'
[2022-08-14 19:43:41] - Creating shared instance of singleton bean 'apiListingReader'
[2022-08-14 19:43:41] - Creating shared instance of singleton bean 'mediaTypeReader'
[2022-08-14 19:43:41] - Creating shared instance of singleton bean 'operationModelsProvider'
[2022-08-14 19:43:41] - Autowiring by type from bean name 'operationModelsProvider' via constructor to bean named 'schemaPluginsManager'
[2022-08-14 19:43:41] - Creating shared instance of singleton bean 'operationDeprecatedReader'
[2022-08-14 19:43:41] - Creating shared instance of singleton bean 'responseMessagesReader'
[2022-08-14 19:43:41] - Autowiring by type from bean name 'responseMessagesReader' via constructor to bean named 'jacksonEnumTypeDeterminer'
[2022-08-14 19:43:41] - Autowiring by type from bean name 'responseMessagesReader' via constructor to bean named 'typeNameExtractor'
[2022-08-14 19:43:41] - Autowiring by type from bean name 'responseMessagesReader' via constructor to bean named 'schemaPluginsManager'
[2022-08-14 19:43:41] - Autowiring by type from bean name 'responseMessagesReader' via constructor to bean named 'modelSpecificationFactory'
[2022-08-14 19:43:41] - Autowiring by type from bean name 'responseMessagesReader' via constructor to bean named 'documentationPluginsManager'
[2022-08-14 19:43:41] - Creating shared instance of singleton bean 'operationParameterReader'
[2022-08-14 19:43:41] - Creating shared instance of singleton bean 'modelAttributeParameterExpander'
[2022-08-14 19:43:41] - Autowiring by type from bean name 'modelAttributeParameterExpander' via constructor to bean named 'fieldProvider'
[2022-08-14 19:43:41] - Autowiring by type from bean name 'modelAttributeParameterExpander' via constructor to bean named 'accessorsProvider'
[2022-08-14 19:43:41] - Autowiring by type from bean name 'modelAttributeParameterExpander' via constructor to bean named 'jacksonEnumTypeDeterminer'
[2022-08-14 19:43:41] - Creating shared instance of singleton bean 'contentParameterAggregator'
[2022-08-14 19:43:41] - Autowiring by type from bean name 'operationParameterReader' via constructor to bean named 'modelAttributeParameterExpander'
[2022-08-14 19:43:41] - Autowiring by type from bean name 'operationParameterReader' via constructor to bean named 'jacksonEnumTypeDeterminer'
[2022-08-14 19:43:41] - Autowiring by type from bean name 'operationParameterReader' via constructor to bean named 'contentParameterAggregator'
[2022-08-14 19:43:41] - Creating shared instance of singleton bean 'operationTagsReader'
[2022-08-14 19:43:41] - Creating shared instance of singleton bean 'defaultOperationReader'
[2022-08-14 19:43:41] - Creating shared instance of singleton bean 'operationParameterRequestConditionReader'
[2022-08-14 19:43:41] - Autowiring by type from bean name 'operationParameterRequestConditionReader' via constructor to bean named 'typeResolver'
[2022-08-14 19:43:41] - Creating shared instance of singleton bean 'operationParameterHeadersConditionReader'
[2022-08-14 19:43:41] - Autowiring by type from bean name 'operationParameterHeadersConditionReader' via constructor to bean named 'typeResolver'
[2022-08-14 19:43:41] - Creating shared instance of singleton bean 'operationResponseClassReader'
[2022-08-14 19:43:41] - Autowiring by type from bean name 'operationResponseClassReader' via constructor to bean named 'schemaPluginsManager'
[2022-08-14 19:43:41] - Autowiring by type from bean name 'operationResponseClassReader' via constructor to bean named 'jacksonEnumTypeDeterminer'
[2022-08-14 19:43:41] - Autowiring by type from bean name 'operationResponseClassReader' via constructor to bean named 'typeNameExtractor'
[2022-08-14 19:43:41] - Creating shared instance of singleton bean 'parameterMultiplesReader'
[2022-08-14 19:43:41] - Creating shared instance of singleton bean 'parameterTypeReader'
[2022-08-14 19:43:41] - Creating shared instance of singleton bean 'parameterRequiredReader'
[2022-08-14 19:43:41] - Autowiring by type from bean name 'parameterRequiredReader' via constructor to bean named 'descriptionResolver'
[2022-08-14 19:43:41] - Creating shared instance of singleton bean 'parameterDataTypeReader'
[2022-08-14 19:43:41] - Autowiring by type from bean name 'parameterDataTypeReader' via constructor to bean named 'schemaPluginsManager'
[2022-08-14 19:43:41] - Autowiring by type from bean name 'parameterDataTypeReader' via constructor to bean named 'typeNameExtractor'
[2022-08-14 19:43:41] - Autowiring by type from bean name 'parameterDataTypeReader' via constructor to bean named 'jacksonEnumTypeDeterminer'
[2022-08-14 19:43:41] - Autowiring by type from bean name 'parameterDataTypeReader' via constructor to bean named 'modelSpecificationFactory'
[2022-08-14 19:43:41] - Creating shared instance of singleton bean 'parameterDefaultReader'
[2022-08-14 19:43:41] - Autowiring by type from bean name 'parameterDefaultReader' via constructor to bean named 'descriptionResolver'
[2022-08-14 19:43:41] - Creating shared instance of singleton bean 'parameterNameReader'
[2022-08-14 19:43:41] - Creating shared instance of singleton bean 'expandedParameterBuilder'
[2022-08-14 19:43:41] - Autowiring by type from bean name 'expandedParameterBuilder' via constructor to bean named 'typeResolver'
[2022-08-14 19:43:41] - Autowiring by type from bean name 'expandedParameterBuilder' via constructor to bean named 'jacksonEnumTypeDeterminer'
[2022-08-14 19:43:41] - Creating shared instance of singleton bean 'defaultResponseTypeReader'
[2022-08-14 19:43:41] - Creating shared instance of singleton bean 'documentationPluginsBootstrapper'
[2022-08-14 19:43:41] - Creating shared instance of singleton bean 'webMvcRequestHandlerProvider'
[2022-08-14 19:43:41] - Creating shared instance of singleton bean 'methodResolver'
[2022-08-14 19:43:41] - Autowiring by type from bean name 'methodResolver' via factory method to bean named 'typeResolver'
[2022-08-14 19:43:41] - Creating shared instance of singleton bean 'requestMappingHandlerMapping'
[2022-08-14 19:43:41] - Creating shared instance of singleton bean 'mvcConversionService'
[2022-08-14 19:43:41] - Creating shared instance of singleton bean 'mvcResourceUrlProvider'
[2022-08-14 19:43:41] - Autowiring by type from bean name 'requestMappingHandlerMapping' via factory method to bean named 'mvcContentNegotiationManager'
[2022-08-14 19:43:41] - Autowiring by type from bean name 'requestMappingHandlerMapping' via factory method to bean named 'mvcConversionService'
[2022-08-14 19:43:41] - Autowiring by type from bean name 'requestMappingHandlerMapping' via factory method to bean named 'mvcResourceUrlProvider'
[2022-08-14 19:43:41] - 
	c.a.c.AuthenticateController:
	{POST [/authentication/token]}: generateToken(JwtRequest)
	{GET [/authentication/getCurrentUser/{username}]}: getCurrentUser(String)
	{GET [/authentication/currentUser]}: getCurrentUser(Principal)
[2022-08-14 19:43:41] - 
	s.d.s.w.Swagger2ControllerWebMvc:
	{GET [/v2/api-docs], produces [application/json || application/hal+json]}: getDocumentation(String,HttpServletRequest)
[2022-08-14 19:43:41] - 
	s.d.s.w.ApiResourceController:
	{GET [/swagger-resources], produces [application/json]}: swaggerResources()
	{GET [/swagger-resources/configuration/ui], produces [application/json]}: uiConfiguration()
	{GET [/swagger-resources/configuration/security], produces [application/json]}: securityConfiguration()
[2022-08-14 19:43:41] - 
	s.d.o.w.OpenApiControllerWebMvc:
	{GET [/v3/api-docs], produces [application/json || application/hal+json]}: getDocumentation(String,HttpServletRequest)
[2022-08-14 19:43:41] - 
	o.s.b.a.w.s.e.BasicErrorController:
	{ [/error]}: error(HttpServletRequest)
	{ [/error], produces [text/html]}: errorHtml(HttpServletRequest,HttpServletResponse)
[2022-08-14 19:43:41] - Autowiring by type from bean name 'webMvcRequestHandlerProvider' via constructor to bean named 'methodResolver'
[2022-08-14 19:43:41] - Autowiring by type from bean name 'webMvcRequestHandlerProvider' via constructor to bean named 'requestMappingHandlerMapping'
[2022-08-14 19:43:41] - Creating shared instance of singleton bean 'defaults'
[2022-08-14 19:43:41] - Creating shared instance of singleton bean 'pathProvider'
[2022-08-14 19:43:41] - Autowiring by type from bean name 'documentationPluginsBootstrapper' via constructor to bean named 'documentationPluginsManager'
[2022-08-14 19:43:41] - Autowiring by type from bean name 'documentationPluginsBootstrapper' via constructor to bean named 'webMvcRequestHandlerProvider'
[2022-08-14 19:43:41] - Autowiring by type from bean name 'documentationPluginsBootstrapper' via constructor to bean named 'resourceGroupCache'
[2022-08-14 19:43:41] - Autowiring by type from bean name 'documentationPluginsBootstrapper' via constructor to bean named 'apiDocumentationScanner'
[2022-08-14 19:43:41] - Autowiring by type from bean name 'documentationPluginsBootstrapper' via constructor to bean named 'typeResolver'
[2022-08-14 19:43:41] - Autowiring by type from bean name 'documentationPluginsBootstrapper' via constructor to bean named 'defaults'
[2022-08-14 19:43:41] - Autowiring by type from bean name 'documentationPluginsBootstrapper' via constructor to bean named 'pathProvider'
[2022-08-14 19:43:41] - Autowiring by type from bean name 'documentationPluginsBootstrapper' via constructor to bean named 'environment'
[2022-08-14 19:43:41] - Creating shared instance of singleton bean 'queryStringUriTemplateDecorator'
[2022-08-14 19:43:41] - Creating shared instance of singleton bean 'pathMappingDecorator'
[2022-08-14 19:43:41] - Creating shared instance of singleton bean 'pathSanitizer'
[2022-08-14 19:43:41] - Creating shared instance of singleton bean 'operationPathDecorator'
[2022-08-14 19:43:41] - Creating shared instance of singleton bean 'jacksonJsonViewProvider'
[2022-08-14 19:43:41] - Autowiring by type from bean name 'jacksonJsonViewProvider' via constructor to bean named 'typeResolver'
[2022-08-14 19:43:41] - Creating shared instance of singleton bean 'propertyDiscriminatorBasedInheritancePlugin'
[2022-08-14 19:43:41] - Autowiring by type from bean name 'propertyDiscriminatorBasedInheritancePlugin' via constructor to bean named 'typeResolver'
[2022-08-14 19:43:41] - Autowiring by type from bean name 'propertyDiscriminatorBasedInheritancePlugin' via constructor to bean named 'jacksonEnumTypeDeterminer'
[2022-08-14 19:43:41] - Autowiring by type from bean name 'propertyDiscriminatorBasedInheritancePlugin' via constructor to bean named 'typeNameExtractor'
[2022-08-14 19:43:41] - Autowiring by type from bean name 'propertyDiscriminatorBasedInheritancePlugin' via constructor to bean named 'modelSpecificationFactory'
[2022-08-14 19:43:41] - Creating shared instance of singleton bean 'xmlModelPlugin'
