[2022-08-14 19:43:38] - Starting AuthorizationServiceApplication using Java 17.0.1 on Dwaipayan-Pc with PID 15532 (E:\Pension Manage\Pension Management v4\AuthorizationService\target\classes started by Dwaipayan in E:\Pension Manage\Pension Management v4\AuthorizationService)
[2022-08-14 19:43:38] - Running with Spring Boot v2.7.2, Spring v5.3.22
[2022-08-14 19:43:38] - No active profile set, falling back to 1 default profile: "default"
[2022-08-14 19:43:38] - Loading source class com.authorization.AuthorizationServiceApplication
[2022-08-14 19:43:38] - Refreshing org.springframework.boot.web.servlet.context.AnnotationConfigServletWebServerApplicationContext@6138e79a
[2022-08-14 19:43:38] - Creating shared instance of singleton bean 'org.springframework.context.annotation.internalConfigurationAnnotationProcessor'
[2022-08-14 19:43:38] - Creating shared instance of singleton bean 'org.springframework.boot.autoconfigure.internalCachingMetadataReaderFactory'
[2022-08-14 19:43:38] - Identified candidate component class: file [E:\Pension Manage\Pension Management v4\AuthorizationService\target\classes\com\authorization\config\JwtAuthenticationFilter.class]
[2022-08-14 19:43:38] - Identified candidate component class: file [E:\Pension Manage\Pension Management v4\AuthorizationService\target\classes\com\authorization\config\JwtUtil.class]
[2022-08-14 19:43:38] - Identified candidate component class: file [E:\Pension Manage\Pension Management v4\AuthorizationService\target\classes\com\authorization\config\MySecurityConfig.class]
[2022-08-14 19:43:38] - Identified candidate component class: file [E:\Pension Manage\Pension Management v4\AuthorizationService\target\classes\com\authorization\config\SpringFoxCon.class]
[2022-08-14 19:43:38] - Identified candidate component class: file [E:\Pension Manage\Pension Management v4\AuthorizationService\target\classes\com\authorization\controller\AuthenticateController.class]
[2022-08-14 19:43:38] - Ignored because not a concrete top-level class: file [E:\Pension Manage\Pension Management v4\AuthorizationService\target\classes\com\authorization\repository\UserDetailsRepository.class]
[2022-08-14 19:43:38] - Identified candidate component class: file [E:\Pension Manage\Pension Management v4\AuthorizationService\target\classes\com\authorization\serviceimpl\UserDetailsServiceImpl.class]
[2022-08-14 19:43:38] - Identified candidate component class: URL [jar:file:/C:/Users/Dwaipayan/.m2/repository/io/springfox/springfox-swagger2/3.0.0/springfox-swagger2-3.0.0.jar!/springfox/documentation/swagger2/mappers/ServiceModelToSwagger2MapperImpl.class]
[2022-08-14 19:43:38] - Identified candidate component class: URL [jar:file:/C:/Users/Dwaipayan/.m2/repository/io/springfox/springfox-swagger2/3.0.0/springfox-swagger2-3.0.0.jar!/springfox/documentation/swagger2/mappers/VendorExtensionsMapperImpl.class]
[2022-08-14 19:43:38] - Identified candidate component class: URL [jar:file:/C:/Users/Dwaipayan/.m2/repository/io/springfox/springfox-swagger2/3.0.0/springfox-swagger2-3.0.0.jar!/springfox/documentation/swagger2/mappers/PropertyMapperImpl.class]
[2022-08-14 19:43:38] - Identified candidate component class: URL [jar:file:/C:/Users/Dwaipayan/.m2/repository/io/springfox/springfox-swagger2/3.0.0/springfox-swagger2-3.0.0.jar!/springfox/documentation/swagger2/mappers/CompatibilityModelMapperImpl.class]
[2022-08-14 19:43:38] - Identified candidate component class: URL [jar:file:/C:/Users/Dwaipayan/.m2/repository/io/springfox/springfox-swagger2/3.0.0/springfox-swagger2-3.0.0.jar!/springfox/documentation/swagger2/mappers/ParameterMapperImpl.class]
[2022-08-14 19:43:38] - Identified candidate component class: URL [jar:file:/C:/Users/Dwaipayan/.m2/repository/io/springfox/springfox-swagger2/3.0.0/springfox-swagger2-3.0.0.jar!/springfox/documentation/swagger2/mappers/ModelMapperImpl.class]
[2022-08-14 19:43:38] - Identified candidate component class: URL [jar:file:/C:/Users/Dwaipayan/.m2/repository/io/springfox/springfox-swagger2/3.0.0/springfox-swagger2-3.0.0.jar!/springfox/documentation/swagger2/mappers/RequestParameterMapperImpl.class]
[2022-08-14 19:43:38] - Identified candidate component class: URL [jar:file:/C:/Users/Dwaipayan/.m2/repository/io/springfox/springfox-swagger2/3.0.0/springfox-swagger2-3.0.0.jar!/springfox/documentation/swagger2/mappers/ModelSpecificationMapperImpl.class]
[2022-08-14 19:43:38] - Identified candidate component class: URL [jar:file:/C:/Users/Dwaipayan/.m2/repository/io/springfox/springfox-swagger2/3.0.0/springfox-swagger2-3.0.0.jar!/springfox/documentation/swagger2/mappers/LicenseMapperImpl.class]
[2022-08-14 19:43:38] - Identified candidate component class: URL [jar:file:/C:/Users/Dwaipayan/.m2/repository/io/springfox/springfox-swagger2/3.0.0/springfox-swagger2-3.0.0.jar!/springfox/documentation/swagger2/mappers/SecurityMapperImpl.class]
[2022-08-14 19:43:38] - Identified candidate component class: URL [jar:file:/C:/Users/Dwaipayan/.m2/repository/io/springfox/springfox-swagger2/3.0.0/springfox-swagger2-3.0.0.jar!/springfox/documentation/swagger2/web/Swagger2ControllerWebMvc.class]
[2022-08-14 19:43:38] - Identified candidate component class: URL [jar:file:/C:/Users/Dwaipayan/.m2/repository/io/springfox/springfox-swagger-common/3.0.0/springfox-swagger-common-3.0.0.jar!/springfox/documentation/swagger/schema/OpenApiSchemaPropertyBuilder.class]
[2022-08-14 19:43:38] - Identified candidate component class: URL [jar:file:/C:/Users/Dwaipayan/.m2/repository/io/springfox/springfox-swagger-common/3.0.0/springfox-swagger-common-3.0.0.jar!/springfox/documentation/swagger/schema/ApiModelPropertyPropertyBuilder.class]
[2022-08-14 19:43:38] - Identified candidate component class: URL [jar:file:/C:/Users/Dwaipayan/.m2/repository/io/springfox/springfox-swagger-common/3.0.0/springfox-swagger-common-3.0.0.jar!/springfox/documentation/swagger/schema/ApiModelTypeNameProvider.class]
[2022-08-14 19:43:38] - Identified candidate component class: URL [jar:file:/C:/Users/Dwaipayan/.m2/repository/io/springfox/springfox-swagger-common/3.0.0/springfox-swagger-common-3.0.0.jar!/springfox/documentation/swagger/schema/ApiModelBuilder.class]
[2022-08-14 19:43:38] - Identified candidate component class: URL [jar:file:/C:/Users/Dwaipayan/.m2/repository/io/springfox/springfox-swagger-common/3.0.0/springfox-swagger-common-3.0.0.jar!/springfox/documentation/swagger/readers/operation/OperationImplicitParameterReader.class]
[2022-08-14 19:43:38] - Identified candidate component class: URL [jar:file:/C:/Users/Dwaipayan/.m2/repository/io/springfox/springfox-swagger-common/3.0.0/springfox-swagger-common-3.0.0.jar!/springfox/documentation/swagger/readers/operation/VendorExtensionsReader.class]
[2022-08-14 19:43:38] - Identified candidate component class: URL [jar:file:/C:/Users/Dwaipayan/.m2/repository/io/springfox/springfox-swagger-common/3.0.0/springfox-swagger-common-3.0.0.jar!/springfox/documentation/swagger/readers/operation/SwaggerOperationResponseClassReader.class]
[2022-08-14 19:43:38] - Identified candidate component class: URL [jar:file:/C:/Users/Dwaipayan/.m2/repository/io/springfox/springfox-swagger-common/3.0.0/springfox-swagger-common-3.0.0.jar!/springfox/documentation/swagger/readers/operation/SwaggerOperationModelsProvider.class]
[2022-08-14 19:43:38] - Identified candidate component class: URL [jar:file:/C:/Users/Dwaipayan/.m2/repository/io/springfox/springfox-swagger-common/3.0.0/springfox-swagger-common-3.0.0.jar!/springfox/documentation/swagger/readers/operation/OpenApiOperationAuthReader.class]
[2022-08-14 19:43:38] - Identified candidate component class: URL [jar:file:/C:/Users/Dwaipayan/.m2/repository/io/springfox/springfox-swagger-common/3.0.0/springfox-swagger-common-3.0.0.jar!/springfox/documentation/swagger/readers/operation/SwaggerMediaTypeReader.class]
[2022-08-14 19:43:38] - Identified candidate component class: URL [jar:file:/C:/Users/Dwaipayan/.m2/repository/io/springfox/springfox-swagger-common/3.0.0/springfox-swagger-common-3.0.0.jar!/springfox/documentation/swagger/readers/operation/OperationHttpMethodReader.class]
[2022-08-14 19:43:38] - Identified candidate component class: URL [jar:file:/C:/Users/Dwaipayan/.m2/repository/io/springfox/springfox-swagger-common/3.0.0/springfox-swagger-common-3.0.0.jar!/springfox/documentation/swagger/readers/operation/OperationImplicitParametersReader.class]
[2022-08-14 19:43:38] - Identified candidate component class: URL [jar:file:/C:/Users/Dwaipayan/.m2/repository/io/springfox/springfox-swagger-common/3.0.0/springfox-swagger-common-3.0.0.jar!/springfox/documentation/swagger/readers/operation/OperationAuthReader.class]
[2022-08-14 19:43:38] - Identified candidate component class: URL [jar:file:/C:/Users/Dwaipayan/.m2/repository/io/springfox/springfox-swagger-common/3.0.0/springfox-swagger-common-3.0.0.jar!/springfox/documentation/swagger/readers/operation/OperationHiddenReader.class]
[2022-08-14 19:43:38] - Identified candidate component class: URL [jar:file:/C:/Users/Dwaipayan/.m2/repository/io/springfox/springfox-swagger-common/3.0.0/springfox-swagger-common-3.0.0.jar!/springfox/documentation/swagger/readers/operation/OperationSummaryReader.class]
[2022-08-14 19:43:38] - Identified candidate component class: URL [jar:file:/C:/Users/Dwaipayan/.m2/repository/io/springfox/springfox-swagger-common/3.0.0/springfox-swagger-common-3.0.0.jar!/springfox/documentation/swagger/readers/operation/OpenApiOperationTagsReader.class]
[2022-08-14 19:43:38] - Identified candidate component class: URL [jar:file:/C:/Users/Dwaipayan/.m2/repository/io/springfox/springfox-swagger-common/3.0.0/springfox-swagger-common-3.0.0.jar!/springfox/documentation/swagger/readers/operation/SwaggerResponseMessageReader.class]
[2022-08-14 19:43:38] - Identified candidate component class: URL [jar:file:/C:/Users/Dwaipayan/.m2/repository/io/springfox/springfox-swagger-common/3.0.0/springfox-swagger-common-3.0.0.jar!/springfox/documentation/swagger/readers/operation/OperationNicknameIntoUniqueIdReader.class]
[2022-08-14 19:43:38] - Identified candidate component class: URL [jar:file:/C:/Users/Dwaipayan/.m2/repository/io/springfox/springfox-swagger-common/3.0.0/springfox-swagger-common-3.0.0.jar!/springfox/documentation/swagger/readers/operation/OperationPositionReader.class]
[2022-08-14 19:43:38] - Identified candidate component class: URL [jar:file:/C:/Users/Dwaipayan/.m2/repository/io/springfox/springfox-swagger-common/3.0.0/springfox-swagger-common-3.0.0.jar!/springfox/documentation/swagger/readers/operation/OpenApiResponseReader.class]
[2022-08-14 19:43:38] - Identified candidate component class: URL [jar:file:/C:/Users/Dwaipayan/.m2/repository/io/springfox/springfox-swagger-common/3.0.0/springfox-swagger-common-3.0.0.jar!/springfox/documentation/swagger/readers/operation/OperationNotesReader.class]
[2022-08-14 19:43:38] - Identified candidate component class: URL [jar:file:/C:/Users/Dwaipayan/.m2/repository/io/springfox/springfox-swagger-common/3.0.0/springfox-swagger-common-3.0.0.jar!/springfox/documentation/swagger/readers/operation/SwaggerOperationTagsReader.class]
[2022-08-14 19:43:38] - Identified candidate component class: URL [jar:file:/C:/Users/Dwaipayan/.m2/repository/io/springfox/springfox-swagger-common/3.0.0/springfox-swagger-common-3.0.0.jar!/springfox/documentation/swagger/readers/parameter/ApiParamParameterBuilder.class]
[2022-08-14 19:43:38] - Identified candidate component class: URL [jar:file:/C:/Users/Dwaipayan/.m2/repository/io/springfox/springfox-swagger-common/3.0.0/springfox-swagger-common-3.0.0.jar!/springfox/documentation/swagger/readers/parameter/SwaggerExpandedParameterBuilder.class]
[2022-08-14 19:43:38] - Identified candidate component class: URL [jar:file:/C:/Users/Dwaipayan/.m2/repository/io/springfox/springfox-swagger-common/3.0.0/springfox-swagger-common-3.0.0.jar!/springfox/documentation/swagger/readers/parameter/OpenApiParameterBuilder.class]
[2022-08-14 19:43:38] - Identified candidate component class: URL [jar:file:/C:/Users/Dwaipayan/.m2/repository/io/springfox/springfox-swagger-common/3.0.0/springfox-swagger-common-3.0.0.jar!/springfox/documentation/swagger/web/SwaggerApiListingReader.class]
[2022-08-14 19:43:38] - Identified candidate component class: URL [jar:file:/C:/Users/Dwaipayan/.m2/repository/io/springfox/springfox-swagger-common/3.0.0/springfox-swagger-common-3.0.0.jar!/springfox/documentation/swagger/web/InMemorySwaggerResourcesProvider.class]
[2022-08-14 19:43:38] - Identified candidate component class: URL [jar:file:/C:/Users/Dwaipayan/.m2/repository/io/springfox/springfox-swagger-common/3.0.0/springfox-swagger-common-3.0.0.jar!/springfox/documentation/swagger/web/ApiResourceController.class]
[2022-08-14 19:43:38] - Identified candidate component class: URL [jar:file:/C:/Users/Dwaipayan/.m2/repository/io/springfox/springfox-spring-web/3.0.0/springfox-spring-web-3.0.0.jar!/springfox/documentation/spring/web/scanners/ApiListingReferenceScanner.class]
[2022-08-14 19:43:38] - Identified candidate component class: URL [jar:file:/C:/Users/Dwaipayan/.m2/repository/io/springfox/springfox-spring-web/3.0.0/springfox-spring-web-3.0.0.jar!/springfox/documentation/spring/web/scanners/ApiDocumentationScanner.class]
[2022-08-14 19:43:38] - Identified candidate component class: URL [jar:file:/C:/Users/Dwaipayan/.m2/repository/io/springfox/springfox-spring-web/3.0.0/springfox-spring-web-3.0.0.jar!/springfox/documentation/spring/web/scanners/ApiDescriptionReader.class]
[2022-08-14 19:43:38] - Identified candidate component class: URL [jar:file:/C:/Users/Dwaipayan/.m2/repository/io/springfox/springfox-spring-web/3.0.0/springfox-spring-web-3.0.0.jar!/springfox/documentation/spring/web/scanners/ApiListingReader.class]
[2022-08-14 19:43:38] - Identified candidate component class: URL [jar:file:/C:/Users/Dwaipayan/.m2/repository/io/springfox/springfox-spring-web/3.0.0/springfox-spring-web-3.0.0.jar!/springfox/documentation/spring/web/scanners/ApiModelSpecificationReader.class]
[2022-08-14 19:43:38] - Identified candidate component class: URL [jar:file:/C:/Users/Dwaipayan/.m2/repository/io/springfox/springfox-spring-web/3.0.0/springfox-spring-web-3.0.0.jar!/springfox/documentation/spring/web/scanners/CachingOperationReader.class]
[2022-08-14 19:43:38] - Identified candidate component class: URL [jar:file:/C:/Users/Dwaipayan/.m2/repository/io/springfox/springfox-spring-web/3.0.0/springfox-spring-web-3.0.0.jar!/springfox/documentation/spring/web/scanners/MediaTypeReader.class]
[2022-08-14 19:43:38] - Identified candidate component class: URL [jar:file:/C:/Users/Dwaipayan/.m2/repository/io/springfox/springfox-spring-web/3.0.0/springfox-spring-web-3.0.0.jar!/springfox/documentation/spring/web/scanners/ApiListingScanner.class]
[2022-08-14 19:43:38] - Identified candidate component class: URL [jar:file:/C:/Users/Dwaipayan/.m2/repository/io/springfox/springfox-spring-web/3.0.0/springfox-spring-web-3.0.0.jar!/springfox/documentation/spring/web/scanners/ApiModelReader.class]
[2022-08-14 19:43:38] - Identified candidate component class: URL [jar:file:/C:/Users/Dwaipayan/.m2/repository/io/springfox/springfox-spring-web/3.0.0/springfox-spring-web-3.0.0.jar!/springfox/documentation/spring/web/scanners/ApiDescriptionLookup.class]
