[2022-08-14 19:43:38] - Identified candidate component class: URL [jar:file:/C:/Users/Dwaipayan/.m2/repository/io/springfox/springfox-spring-web/3.0.0/springfox-spring-web-3.0.0.jar!/springfox/documentation/spring/web/readers/operation/OperationModelsProvider.class]
[2022-08-14 19:43:38] - Identified candidate component class: URL [jar:file:/C:/Users/Dwaipayan/.m2/repository/io/springfox/springfox-spring-web/3.0.0/springfox-spring-web-3.0.0.jar!/springfox/documentation/spring/web/readers/operation/OperationDeprecatedReader.class]
[2022-08-14 19:43:38] - Identified candidate component class: URL [jar:file:/C:/Users/Dwaipayan/.m2/repository/io/springfox/springfox-spring-web/3.0.0/springfox-spring-web-3.0.0.jar!/springfox/documentation/spring/web/readers/operation/ResponseMessagesReader.class]
[2022-08-14 19:43:38] - Identified candidate component class: URL [jar:file:/C:/Users/Dwaipayan/.m2/repository/io/springfox/springfox-spring-web/3.0.0/springfox-spring-web-3.0.0.jar!/springfox/documentation/spring/web/readers/operation/OperationParameterReader.class]
[2022-08-14 19:43:38] - Identified candidate component class: URL [jar:file:/C:/Users/Dwaipayan/.m2/repository/io/springfox/springfox-spring-web/3.0.0/springfox-spring-web-3.0.0.jar!/springfox/documentation/spring/web/readers/operation/OperationTagsReader.class]
[2022-08-14 19:43:38] - Identified candidate component class: URL [jar:file:/C:/Users/Dwaipayan/.m2/repository/io/springfox/springfox-spring-web/3.0.0/springfox-spring-web-3.0.0.jar!/springfox/documentation/spring/web/readers/operation/ApiOperationReader.class]
[2022-08-14 19:43:38] - Identified candidate component class: URL [jar:file:/C:/Users/Dwaipayan/.m2/repository/io/springfox/springfox-spring-web/3.0.0/springfox-spring-web-3.0.0.jar!/springfox/documentation/spring/web/readers/operation/DefaultOperationReader.class]
[2022-08-14 19:43:38] - Identified candidate component class: URL [jar:file:/C:/Users/Dwaipayan/.m2/repository/io/springfox/springfox-spring-web/3.0.0/springfox-spring-web-3.0.0.jar!/springfox/documentation/spring/web/readers/operation/OperationParameterRequestConditionReader.class]
[2022-08-14 19:43:38] - Identified candidate component class: URL [jar:file:/C:/Users/Dwaipayan/.m2/repository/io/springfox/springfox-spring-web/3.0.0/springfox-spring-web-3.0.0.jar!/springfox/documentation/spring/web/readers/operation/OperationParameterHeadersConditionReader.class]
[2022-08-14 19:43:38] - Identified candidate component class: URL [jar:file:/C:/Users/Dwaipayan/.m2/repository/io/springfox/springfox-spring-web/3.0.0/springfox-spring-web-3.0.0.jar!/springfox/documentation/spring/web/readers/operation/ContentParameterAggregator.class]
[2022-08-14 19:43:38] - Identified candidate component class: URL [jar:file:/C:/Users/Dwaipayan/.m2/repository/io/springfox/springfox-spring-web/3.0.0/springfox-spring-web-3.0.0.jar!/springfox/documentation/spring/web/readers/operation/OperationResponseClassReader.class]
[2022-08-14 19:43:38] - Identified candidate component class: URL [jar:file:/C:/Users/Dwaipayan/.m2/repository/io/springfox/springfox-spring-web/3.0.0/springfox-spring-web-3.0.0.jar!/springfox/documentation/spring/web/readers/operation/CachingOperationNameGenerator.class]
[2022-08-14 19:43:38] - Identified candidate component class: URL [jar:file:/C:/Users/Dwaipayan/.m2/repository/io/springfox/springfox-spring-web/3.0.0/springfox-spring-web-3.0.0.jar!/springfox/documentation/spring/web/readers/parameter/ParameterMultiplesReader.class]
[2022-08-14 19:43:38] - Identified candidate component class: URL [jar:file:/C:/Users/Dwaipayan/.m2/repository/io/springfox/springfox-spring-web/3.0.0/springfox-spring-web-3.0.0.jar!/springfox/documentation/spring/web/readers/parameter/ModelAttributeParameterExpander.class]
[2022-08-14 19:43:38] - Identified candidate component class: URL [jar:file:/C:/Users/Dwaipayan/.m2/repository/io/springfox/springfox-spring-web/3.0.0/springfox-spring-web-3.0.0.jar!/springfox/documentation/spring/web/readers/parameter/ParameterTypeReader.class]
[2022-08-14 19:43:38] - Identified candidate component class: URL [jar:file:/C:/Users/Dwaipayan/.m2/repository/io/springfox/springfox-spring-web/3.0.0/springfox-spring-web-3.0.0.jar!/springfox/documentation/spring/web/readers/parameter/ParameterRequiredReader.class]
[2022-08-14 19:43:38] - Identified candidate component class: URL [jar:file:/C:/Users/Dwaipayan/.m2/repository/io/springfox/springfox-spring-web/3.0.0/springfox-spring-web-3.0.0.jar!/springfox/documentation/spring/web/readers/parameter/ParameterDataTypeReader.class]
[2022-08-14 19:43:38] - Identified candidate component class: URL [jar:file:/C:/Users/Dwaipayan/.m2/repository/io/springfox/springfox-spring-web/3.0.0/springfox-spring-web-3.0.0.jar!/springfox/documentation/spring/web/readers/parameter/ParameterDefaultReader.class]
[2022-08-14 19:43:38] - Identified candidate component class: URL [jar:file:/C:/Users/Dwaipayan/.m2/repository/io/springfox/springfox-spring-web/3.0.0/springfox-spring-web-3.0.0.jar!/springfox/documentation/spring/web/readers/parameter/ParameterNameReader.class]
[2022-08-14 19:43:38] - Identified candidate component class: URL [jar:file:/C:/Users/Dwaipayan/.m2/repository/io/springfox/springfox-spring-web/3.0.0/springfox-spring-web-3.0.0.jar!/springfox/documentation/spring/web/readers/parameter/ExpandedParameterBuilder.class]
[2022-08-14 19:43:38] - Identified candidate component class: URL [jar:file:/C:/Users/Dwaipayan/.m2/repository/io/springfox/springfox-spring-web/3.0.0/springfox-spring-web-3.0.0.jar!/springfox/documentation/spring/web/plugins/DefaultResponseTypeReader.class]
[2022-08-14 19:43:38] - Identified candidate component class: URL [jar:file:/C:/Users/Dwaipayan/.m2/repository/io/springfox/springfox-spring-web/3.0.0/springfox-spring-web-3.0.0.jar!/springfox/documentation/spring/web/plugins/DocumentationPluginsBootstrapper.class]
[2022-08-14 19:43:38] - Identified candidate component class: URL [jar:file:/C:/Users/Dwaipayan/.m2/repository/io/springfox/springfox-spring-web/3.0.0/springfox-spring-web-3.0.0.jar!/springfox/documentation/spring/web/plugins/DocumentationPluginsManager.class]
[2022-08-14 19:43:38] - Identified candidate component class: URL [jar:file:/C:/Users/Dwaipayan/.m2/repository/io/springfox/springfox-spring-webmvc/3.0.0/springfox-spring-webmvc-3.0.0.jar!/springfox/documentation/spring/web/plugins/WebMvcRequestHandlerProvider.class]
[2022-08-14 19:43:38] - Identified candidate component class: URL [jar:file:/C:/Users/Dwaipayan/.m2/repository/io/springfox/springfox-spring-web/3.0.0/springfox-spring-web-3.0.0.jar!/springfox/documentation/spring/web/paths/QueryStringUriTemplateDecorator.class]
[2022-08-14 19:43:38] - Identified candidate component class: URL [jar:file:/C:/Users/Dwaipayan/.m2/repository/io/springfox/springfox-spring-web/3.0.0/springfox-spring-web-3.0.0.jar!/springfox/documentation/spring/web/paths/PathMappingDecorator.class]
[2022-08-14 19:43:38] - Identified candidate component class: URL [jar:file:/C:/Users/Dwaipayan/.m2/repository/io/springfox/springfox-spring-web/3.0.0/springfox-spring-web-3.0.0.jar!/springfox/documentation/spring/web/paths/PathSanitizer.class]
[2022-08-14 19:43:38] - Identified candidate component class: URL [jar:file:/C:/Users/Dwaipayan/.m2/repository/io/springfox/springfox-spring-web/3.0.0/springfox-spring-web-3.0.0.jar!/springfox/documentation/spring/web/paths/OperationPathDecorator.class]
[2022-08-14 19:43:38] - Identified candidate component class: URL [jar:file:/C:/Users/Dwaipayan/.m2/repository/io/springfox/springfox-schema/3.0.0/springfox-schema-3.0.0.jar!/springfox/documentation/schema/JacksonJsonViewProvider.class]
[2022-08-14 19:43:38] - Identified candidate component class: URL [jar:file:/C:/Users/Dwaipayan/.m2/repository/io/springfox/springfox-schema/3.0.0/springfox-schema-3.0.0.jar!/springfox/documentation/schema/CachingModelDependencyProvider.class]
[2022-08-14 19:43:38] - Identified candidate component class: URL [jar:file:/C:/Users/Dwaipayan/.m2/repository/io/springfox/springfox-schema/3.0.0/springfox-schema-3.0.0.jar!/springfox/documentation/schema/TypeNameExtractor.class]
[2022-08-14 19:43:38] - Identified candidate component class: URL [jar:file:/C:/Users/Dwaipayan/.m2/repository/io/springfox/springfox-schema/3.0.0/springfox-schema-3.0.0.jar!/springfox/documentation/schema/plugins/PropertyDiscriminatorBasedInheritancePlugin.class]
[2022-08-14 19:43:38] - Identified candidate component class: URL [jar:file:/C:/Users/Dwaipayan/.m2/repository/io/springfox/springfox-schema/3.0.0/springfox-schema-3.0.0.jar!/springfox/documentation/schema/plugins/XmlModelPlugin.class]
[2022-08-14 19:43:38] - Identified candidate component class: URL [jar:file:/C:/Users/Dwaipayan/.m2/repository/io/springfox/springfox-schema/3.0.0/springfox-schema-3.0.0.jar!/springfox/documentation/schema/plugins/SchemaPluginsManager.class]
[2022-08-14 19:43:38] - Identified candidate component class: URL [jar:file:/C:/Users/Dwaipayan/.m2/repository/io/springfox/springfox-schema/3.0.0/springfox-schema-3.0.0.jar!/springfox/documentation/schema/plugins/JsonIgnorePropertiesModelPlugin.class]
[2022-08-14 19:43:38] - Identified candidate component class: URL [jar:file:/C:/Users/Dwaipayan/.m2/repository/io/springfox/springfox-schema/3.0.0/springfox-schema-3.0.0.jar!/springfox/documentation/schema/property/CachingModelPropertiesProvider.class]
[2022-08-14 19:43:38] - Identified candidate component class: URL [jar:file:/C:/Users/Dwaipayan/.m2/repository/io/springfox/springfox-schema/3.0.0/springfox-schema-3.0.0.jar!/springfox/documentation/schema/property/ObjectMapperBeanPropertyNamingStrategy.class]
[2022-08-14 19:43:38] - Identified candidate component class: URL [jar:file:/C:/Users/Dwaipayan/.m2/repository/io/springfox/springfox-schema/3.0.0/springfox-schema-3.0.0.jar!/springfox/documentation/schema/property/bean/AccessorsProvider.class]
[2022-08-14 19:43:38] - Identified candidate component class: URL [jar:file:/C:/Users/Dwaipayan/.m2/repository/io/springfox/springfox-schema/3.0.0/springfox-schema-3.0.0.jar!/springfox/documentation/schema/property/field/FieldProvider.class]
[2022-08-14 19:43:38] - Identified candidate component class: URL [jar:file:/C:/Users/Dwaipayan/.m2/repository/io/springfox/springfox-schema/3.0.0/springfox-schema-3.0.0.jar!/springfox/documentation/schema/property/XmlPropertyPlugin.class]
[2022-08-14 19:43:38] - Identified candidate component class: URL [jar:file:/C:/Users/Dwaipayan/.m2/repository/io/springfox/springfox-schema/3.0.0/springfox-schema-3.0.0.jar!/springfox/documentation/schema/property/OptimizedModelPropertiesProvider.class]
[2022-08-14 19:43:38] - Identified candidate component class: URL [jar:file:/C:/Users/Dwaipayan/.m2/repository/io/springfox/springfox-schema/3.0.0/springfox-schema-3.0.0.jar!/springfox/documentation/schema/property/FactoryMethodProvider.class]
[2022-08-14 19:43:38] - Identified candidate component class: URL [jar:file:/C:/Users/Dwaipayan/.m2/repository/io/springfox/springfox-schema/3.0.0/springfox-schema-3.0.0.jar!/springfox/documentation/schema/property/ModelSpecificationFactory.class]
[2022-08-14 19:43:38] - Identified candidate component class: URL [jar:file:/C:/Users/Dwaipayan/.m2/repository/io/springfox/springfox-schema/3.0.0/springfox-schema-3.0.0.jar!/springfox/documentation/schema/CachingModelProvider.class]
[2022-08-14 19:43:38] - Identified candidate component class: URL [jar:file:/C:/Users/Dwaipayan/.m2/repository/io/springfox/springfox-schema/3.0.0/springfox-schema-3.0.0.jar!/springfox/documentation/schema/DefaultModelDependencyProvider.class]
[2022-08-14 19:43:38] - Identified candidate component class: URL [jar:file:/C:/Users/Dwaipayan/.m2/repository/io/springfox/springfox-schema/3.0.0/springfox-schema-3.0.0.jar!/springfox/documentation/schema/JacksonEnumTypeDeterminer.class]
[2022-08-14 19:43:38] - Identified candidate component class: URL [jar:file:/C:/Users/Dwaipayan/.m2/repository/io/springfox/springfox-schema/3.0.0/springfox-schema-3.0.0.jar!/springfox/documentation/schema/DefaultModelProvider.class]
[2022-08-14 19:43:38] - Identified candidate component class: URL [jar:file:/C:/Users/Dwaipayan/.m2/repository/io/springfox/springfox-schema/3.0.0/springfox-schema-3.0.0.jar!/springfox/documentation/schema/DefaultModelSpecificationProvider.class]
[2022-08-14 19:43:38] - Identified candidate component class: URL [jar:file:/C:/Users/Dwaipayan/.m2/repository/io/springfox/springfox-oas/3.0.0/springfox-oas-3.0.0.jar!/springfox/documentation/oas/web/OpenApiControllerWebMvc.class]
[2022-08-14 19:43:38] - Identified candidate component class: URL [jar:file:/C:/Users/Dwaipayan/.m2/repository/io/springfox/springfox-oas/3.0.0/springfox-oas-3.0.0.jar!/springfox/documentation/oas/mappers/OasVendorExtensionsMapperImpl.class]
[2022-08-14 19:43:38] - Identified candidate component class: URL [jar:file:/C:/Users/Dwaipayan/.m2/repository/io/springfox/springfox-oas/3.0.0/springfox-oas-3.0.0.jar!/springfox/documentation/oas/mappers/StyleEnumMapperImpl.class]
[2022-08-14 19:43:38] - Identified candidate component class: URL [jar:file:/C:/Users/Dwaipayan/.m2/repository/io/springfox/springfox-oas/3.0.0/springfox-oas-3.0.0.jar!/springfox/documentation/oas/mappers/SecuritySchemeMapperImpl.class]
[2022-08-14 19:43:38] - Identified candidate component class: URL [jar:file:/C:/Users/Dwaipayan/.m2/repository/io/springfox/springfox-oas/3.0.0/springfox-oas-3.0.0.jar!/springfox/documentation/oas/mappers/OasSecurityMapperImpl.class]
[2022-08-14 19:43:38] - Identified candidate component class: URL [jar:file:/C:/Users/Dwaipayan/.m2/repository/io/springfox/springfox-oas/3.0.0/springfox-oas-3.0.0.jar!/springfox/documentation/oas/mappers/SchemaMapperImpl.class]
[2022-08-14 19:43:38] - Identified candidate component class: URL [jar:file:/C:/Users/Dwaipayan/.m2/repository/io/springfox/springfox-oas/3.0.0/springfox-oas-3.0.0.jar!/springfox/documentation/oas/mappers/ExamplesMapperImpl.class]
[2022-08-14 19:43:38] - Identified candidate component class: URL [jar:file:/C:/Users/Dwaipayan/.m2/repository/io/springfox/springfox-oas/3.0.0/springfox-oas-3.0.0.jar!/springfox/documentation/oas/mappers/ServiceModelToOpenApiMapperImpl.class]
[2022-08-14 19:43:38] - Identified candidate component class: URL [jar:file:/C:/Users/Dwaipayan/.m2/repository/io/springfox/springfox-oas/3.0.0/springfox-oas-3.0.0.jar!/springfox/documentation/oas/mappers/OasLicenceMapper.class]
[2022-08-14 19:43:38] - Bootstrapping Spring Data JPA repositories in DEFAULT mode.
[2022-08-14 19:43:38] - Creating shared instance of singleton bean 'org.springframework.boot.autoconfigure.AutoConfigurationPackages'
[2022-08-14 19:43:38] - @EnableAutoConfiguration was declared on a class in the package 'com.authorization'. Automatic @Repository and @Entity scanning is enabled.
[2022-08-14 19:43:38] - Scanning for JPA repositories in packages com.authorization.
[2022-08-14 19:43:38] - Identified candidate component class: file [E:\Pension Manage\Pension Management v4\AuthorizationService\target\classes\com\authorization\repository\UserDetailsRepository.class]
[2022-08-14 19:43:38] - Identified candidate component class: file [E:\Pension Manage\Pension Management v4\AuthorizationService\target\classes\com\authorization\serviceimpl\UserDetailsServiceImpl.class]
[2022-08-14 19:43:38] - Finished Spring Data repository scanning in 105 ms. Found 1 JPA repository interfaces.
