[2022-08-14 19:43:41] - Creating shared instance of singleton bean 'openApiSchemaPropertyBuilder'
[2022-08-14 19:43:41] - Creating shared instance of singleton bean 'descriptionResolver'
[2022-08-14 19:43:41] - Autowiring by type from bean name 'descriptionResolver' via factory method to bean named 'environment'
[2022-08-14 19:43:41] - Creating shared instance of singleton bean 'modelSpecificationFactory'
[2022-08-14 19:43:41] - Creating shared instance of singleton bean 'typeNameExtractor'
[2022-08-14 19:43:41] - Creating shared instance of singleton bean 'typeResolver'
[2022-08-14 19:43:41] - Creating shared instance of singleton bean 'springfox.documentation.schema.configuration.ModelsConfiguration'
[2022-08-14 19:43:41] - Creating shared instance of singleton bean 'typeNameProviderPluginRegistry'
[2022-08-14 19:43:41] - Creating shared instance of singleton bean 'jacksonEnumTypeDeterminer'
[2022-08-14 19:43:41] - Autowiring by type from bean name 'typeNameExtractor' via constructor to bean named 'typeResolver'
[2022-08-14 19:43:41] - Autowiring by type from bean name 'typeNameExtractor' via constructor to bean named 'typeNameProviderPluginRegistry'
[2022-08-14 19:43:41] - Autowiring by type from bean name 'typeNameExtractor' via constructor to bean named 'jacksonEnumTypeDeterminer'
[2022-08-14 19:43:41] - Autowiring by type from bean name 'modelSpecificationFactory' via constructor to bean named 'typeNameExtractor'
[2022-08-14 19:43:41] - Autowiring by type from bean name 'modelSpecificationFactory' via constructor to bean named 'jacksonEnumTypeDeterminer'
[2022-08-14 19:43:41] - Autowiring by type from bean name 'openApiSchemaPropertyBuilder' via constructor to bean named 'descriptionResolver'
[2022-08-14 19:43:41] - Autowiring by type from bean name 'openApiSchemaPropertyBuilder' via constructor to bean named 'modelSpecificationFactory'
[2022-08-14 19:43:41] - Creating shared instance of singleton bean 'apiModelPropertyPropertyBuilder'
[2022-08-14 19:43:41] - Autowiring by type from bean name 'apiModelPropertyPropertyBuilder' via constructor to bean named 'descriptionResolver'
[2022-08-14 19:43:41] - Autowiring by type from bean name 'apiModelPropertyPropertyBuilder' via constructor to bean named 'modelSpecificationFactory'
[2022-08-14 19:43:41] - Creating shared instance of singleton bean 'apiModelTypeNameProvider'
[2022-08-14 19:43:41] - Creating shared instance of singleton bean 'apiModelBuilder'
[2022-08-14 19:43:41] - Autowiring by type from bean name 'apiModelBuilder' via constructor to bean named 'typeResolver'
[2022-08-14 19:43:41] - Autowiring by type from bean name 'apiModelBuilder' via constructor to bean named 'typeNameExtractor'
[2022-08-14 19:43:41] - Autowiring by type from bean name 'apiModelBuilder' via constructor to bean named 'jacksonEnumTypeDeterminer'
[2022-08-14 19:43:41] - Autowiring by type from bean name 'apiModelBuilder' via constructor to bean named 'modelSpecificationFactory'
[2022-08-14 19:43:41] - Creating shared instance of singleton bean 'operationImplicitParameterReader'
[2022-08-14 19:43:41] - Autowiring by type from bean name 'operationImplicitParameterReader' via constructor to bean named 'descriptionResolver'
[2022-08-14 19:43:41] - Creating shared instance of singleton bean 'vendorExtensionsReader'
[2022-08-14 19:43:41] - Creating shared instance of singleton bean 'swaggerOperationResponseClassReader'
[2022-08-14 19:43:41] - Autowiring by type from bean name 'swaggerOperationResponseClassReader' via constructor to bean named 'typeResolver'
[2022-08-14 19:43:41] - Autowiring by type from bean name 'swaggerOperationResponseClassReader' via constructor to bean named 'jacksonEnumTypeDeterminer'
[2022-08-14 19:43:41] - Autowiring by type from bean name 'swaggerOperationResponseClassReader' via constructor to bean named 'typeNameExtractor'
[2022-08-14 19:43:41] - Creating shared instance of singleton bean 'swaggerOperationModelsProvider'
[2022-08-14 19:43:41] - Autowiring by type from bean name 'swaggerOperationModelsProvider' via constructor to bean named 'typeResolver'
[2022-08-14 19:43:41] - Creating shared instance of singleton bean 'openApiOperationAuthReader'
[2022-08-14 19:43:41] - Creating shared instance of singleton bean 'swaggerMediaTypeReader'
[2022-08-14 19:43:41] - Creating shared instance of singleton bean 'operationHttpMethodReader'
[2022-08-14 19:43:41] - Creating shared instance of singleton bean 'operationImplicitParametersReader'
[2022-08-14 19:43:41] - Autowiring by type from bean name 'operationImplicitParametersReader' via constructor to bean named 'descriptionResolver'
[2022-08-14 19:43:41] - Creating shared instance of singleton bean 'operationAuthReader'
[2022-08-14 19:43:41] - Creating shared instance of singleton bean 'operationHiddenReader'
[2022-08-14 19:43:41] - Creating shared instance of singleton bean 'operationSummaryReader'
[2022-08-14 19:43:41] - Autowiring by type from bean name 'operationSummaryReader' via constructor to bean named 'descriptionResolver'
[2022-08-14 19:43:41] - Creating shared instance of singleton bean 'openApiOperationTagsReader'
[2022-08-14 19:43:41] - Creating shared instance of singleton bean 'swaggerResponseMessageReader'
[2022-08-14 19:43:41] - Creating shared instance of singleton bean 'documentationPluginsManager'
[2022-08-14 19:43:41] - Creating shared instance of singleton bean 'documentationPluginRegistry'
[2022-08-14 19:43:41] - Creating shared instance of singleton bean 'apiListingBuilderPluginRegistry'
[2022-08-14 19:43:41] - Creating shared instance of singleton bean 'parameterBuilderPluginRegistry'
[2022-08-14 19:43:41] - Creating shared instance of singleton bean 'expandedParameterBuilderPluginRegistry'
[2022-08-14 19:43:41] - Creating shared instance of singleton bean 'operationBuilderPluginRegistry'
[2022-08-14 19:43:41] - Creating shared instance of singleton bean 'operationModelsProviderPluginRegistry'
[2022-08-14 19:43:41] - Creating shared instance of singleton bean 'defaultsProviderPluginRegistry'
[2022-08-14 19:43:41] - Creating shared instance of singleton bean 'pathDecoratorRegistry'
[2022-08-14 19:43:41] - Creating shared instance of singleton bean 'apiListingScannerPluginRegistry'
[2022-08-14 19:43:41] - Creating shared instance of singleton bean 'responseBuilderPluginRegistry'
[2022-08-14 19:43:41] - Creating shared instance of singleton bean 'modelNamesRegistryFactoryPluginRegistry'
[2022-08-14 19:43:41] - Autowiring by type from bean name 'swaggerResponseMessageReader' via constructor to bean named 'jacksonEnumTypeDeterminer'
[2022-08-14 19:43:41] - Autowiring by type from bean name 'swaggerResponseMessageReader' via constructor to bean named 'typeNameExtractor'
[2022-08-14 19:43:41] - Autowiring by type from bean name 'swaggerResponseMessageReader' via constructor to bean named 'typeResolver'
[2022-08-14 19:43:41] - Autowiring by type from bean name 'swaggerResponseMessageReader' via constructor to bean named 'modelSpecificationFactory'
[2022-08-14 19:43:41] - Autowiring by type from bean name 'swaggerResponseMessageReader' via constructor to bean named 'documentationPluginsManager'
[2022-08-14 19:43:41] - Creating shared instance of singleton bean 'operationNicknameIntoUniqueIdReader'
[2022-08-14 19:43:41] - Creating shared instance of singleton bean 'operationPositionReader'
[2022-08-14 19:43:41] - Creating shared instance of singleton bean 'openApiResponseReader'
[2022-08-14 19:43:41] - Autowiring by type from bean name 'openApiResponseReader' via constructor to bean named 'typeResolver'
[2022-08-14 19:43:41] - Autowiring by type from bean name 'openApiResponseReader' via constructor to bean named 'modelSpecificationFactory'
[2022-08-14 19:43:41] - Autowiring by type from bean name 'openApiResponseReader' via constructor to bean named 'documentationPluginsManager'
[2022-08-14 19:43:41] - Creating shared instance of singleton bean 'operationNotesReader'
[2022-08-14 19:43:41] - Autowiring by type from bean name 'operationNotesReader' via constructor to bean named 'descriptionResolver'
[2022-08-14 19:43:41] - Creating shared instance of singleton bean 'swaggerOperationTagsReader'
[2022-08-14 19:43:41] - Creating shared instance of singleton bean 'swaggerParameterDescriptionReader'
[2022-08-14 19:43:41] - Autowiring by type from bean name 'swaggerParameterDescriptionReader' via constructor to bean named 'descriptionResolver'
[2022-08-14 19:43:41] - Autowiring by type from bean name 'swaggerParameterDescriptionReader' via constructor to bean named 'jacksonEnumTypeDeterminer'
[2022-08-14 19:43:41] - Creating shared instance of singleton bean 'swaggerExpandedParameterBuilder'
[2022-08-14 19:43:41] - Autowiring by type from bean name 'swaggerExpandedParameterBuilder' via constructor to bean named 'descriptionResolver'
[2022-08-14 19:43:41] - Autowiring by type from bean name 'swaggerExpandedParameterBuilder' via constructor to bean named 'jacksonEnumTypeDeterminer'
[2022-08-14 19:43:41] - Creating shared instance of singleton bean 'openApiParameterBuilder'
[2022-08-14 19:43:41] - Autowiring by type from bean name 'openApiParameterBuilder' via constructor to bean named 'descriptionResolver'
[2022-08-14 19:43:41] - Creating shared instance of singleton bean 'swaggerApiListingReader'
[2022-08-14 19:43:41] - Creating shared instance of singleton bean 'inMemorySwaggerResourcesProvider'
[2022-08-14 19:43:41] - Autowiring by type from bean name 'inMemorySwaggerResourcesProvider' via constructor to bean named 'environment'
[2022-08-14 19:43:41] - Autowiring by type from bean name 'inMemorySwaggerResourcesProvider' via constructor to bean named 'resourceGroupCache'
[2022-08-14 19:43:41] - Autowiring by type from bean name 'inMemorySwaggerResourcesProvider' via constructor to bean named 'documentationPluginsManager'
[2022-08-14 19:43:41] - Creating shared instance of singleton bean 'api'
[2022-08-14 19:43:41] - Creating shared instance of singleton bean 'apiResourceController'
[2022-08-14 19:43:41] - Autowiring by type from bean name 'apiResourceController' via constructor to bean named 'inMemorySwaggerResourcesProvider'
[2022-08-14 19:43:41] - Creating shared instance of singleton bean 'apiListingReferenceScanner'
[2022-08-14 19:43:41] - Creating shared instance of singleton bean 'apiDocumentationScanner'
[2022-08-14 19:43:41] - Creating shared instance of singleton bean 'apiListingScanner'
[2022-08-14 19:43:41] - Creating shared instance of singleton bean 'apiDescriptionReader'
[2022-08-14 19:43:41] - Creating shared instance of singleton bean 'cachingOperationReader'
[2022-08-14 19:43:41] - Creating shared instance of singleton bean 'apiOperationReader'
[2022-08-14 19:43:41] - Creating shared instance of singleton bean 'cachingOperationNameGenerator'
[2022-08-14 19:43:41] - Autowiring by type from bean name 'apiOperationReader' via constructor to bean named 'documentationPluginsManager'
[2022-08-14 19:43:41] - Autowiring by type from bean name 'apiOperationReader' via constructor to bean named 'cachingOperationNameGenerator'
[2022-08-14 19:43:41] - Autowiring by type from bean name 'cachingOperationReader' via constructor to bean named 'apiOperationReader'
[2022-08-14 19:43:41] - Creating shared instance of singleton bean 'apiDescriptionLookup'
[2022-08-14 19:43:41] - Autowiring by type from bean name 'apiDescriptionReader' via constructor to bean named 'cachingOperationReader'
[2022-08-14 19:43:41] - Autowiring by type from bean name 'apiDescriptionReader' via constructor to bean named 'documentationPluginsManager'
[2022-08-14 19:43:41] - Autowiring by type from bean name 'apiDescriptionReader' via constructor to bean named 'apiDescriptionLookup'
[2022-08-14 19:43:41] - Creating shared instance of singleton bean 'apiModelReader'
[2022-08-14 19:43:41] - Creating shared instance of singleton bean 'cachingModelProvider'
[2022-08-14 19:43:41] - Creating shared instance of singleton bean 'defaultModelProvider'
[2022-08-14 19:43:41] - Creating shared instance of singleton bean 'cachingModelPropertiesProvider'
[2022-08-14 19:43:41] - Creating shared instance of singleton bean 'optimized'
[2022-08-14 19:43:41] - Creating shared instance of singleton bean 'accessorsProvider'
[2022-08-14 19:43:41] - Autowiring by type from bean name 'accessorsProvider' via constructor to bean named 'typeResolver'
[2022-08-14 19:43:41] - Creating shared instance of singleton bean 'fieldProvider'
[2022-08-14 19:43:41] - Autowiring by type from bean name 'fieldProvider' via constructor to bean named 'typeResolver'
[2022-08-14 19:43:41] - Creating shared instance of singleton bean 'factoryMethodProvider'
[2022-08-14 19:43:41] - Autowiring by type from bean name 'factoryMethodProvider' via constructor to bean named 'typeResolver'
[2022-08-14 19:43:41] - Creating shared instance of singleton bean 'objectMapperBeanPropertyNamingStrategy'
[2022-08-14 19:43:41] - Creating shared instance of singleton bean 'schemaPluginsManager'
[2022-08-14 19:43:41] - Creating shared instance of singleton bean 'modelPropertyBuilderPluginRegistry'
[2022-08-14 19:43:41] - Creating shared instance of singleton bean 'modelBuilderPluginRegistry'
[2022-08-14 19:43:41] - Creating shared instance of singleton bean 'viewProviderPluginRegistry'
[2022-08-14 19:43:41] - Creating shared instance of singleton bean 'syntheticModelProviderPluginRegistry'
[2022-08-14 19:43:41] - Autowiring by type from bean name 'schemaPluginsManager' via constructor to bean named 'modelPropertyBuilderPluginRegistry'
[2022-08-14 19:43:41] - Autowiring by type from bean name 'schemaPluginsManager' via constructor to bean named 'modelBuilderPluginRegistry'
[2022-08-14 19:43:41] - Autowiring by type from bean name 'schemaPluginsManager' via constructor to bean named 'viewProviderPluginRegistry'
[2022-08-14 19:43:41] - Autowiring by type from bean name 'schemaPluginsManager' via constructor to bean named 'syntheticModelProviderPluginRegistry'
[2022-08-14 19:43:41] - Autowiring by type from bean name 'optimized' via constructor to bean named 'accessorsProvider'
[2022-08-14 19:43:41] - Autowiring by type from bean name 'optimized' via constructor to bean named 'fieldProvider'
[2022-08-14 19:43:41] - Autowiring by type from bean name 'optimized' via constructor to bean named 'factoryMethodProvider'
[2022-08-14 19:43:41] - Autowiring by type from bean name 'optimized' via constructor to bean named 'typeResolver'
[2022-08-14 19:43:41] - Autowiring by type from bean name 'optimized' via constructor to bean named 'objectMapperBeanPropertyNamingStrategy'
[2022-08-14 19:43:41] - Autowiring by type from bean name 'optimized' via constructor to bean named 'schemaPluginsManager'
