[2022-08-14 19:43:41] - Autowiring by type from bean name 'xmlModelPlugin' via constructor to bean named 'typeResolver'
[2022-08-14 19:43:41] - Creating shared instance of singleton bean 'jsonIgnorePropertiesModelPlugin'
[2022-08-14 19:43:41] - Autowiring by type from bean name 'jsonIgnorePropertiesModelPlugin' via constructor to bean named 'typeResolver'
[2022-08-14 19:43:41] - Creating shared instance of singleton bean 'xmlPropertyPlugin'
[2022-08-14 19:43:41] - Creating shared instance of singleton bean 'openApiControllerWebMvc'
[2022-08-14 19:43:41] - Creating shared instance of singleton bean 'serviceModelToOpenApiMapperImpl'
[2022-08-14 19:43:41] - Creating shared instance of singleton bean 'oasVendorExtensionsMapperImpl'
[2022-08-14 19:43:41] - Creating shared instance of singleton bean 'oasLicenceMapper'
[2022-08-14 19:43:41] - Creating shared instance of singleton bean 'examplesMapperImpl'
[2022-08-14 19:43:41] - Creating shared instance of singleton bean 'oasSecurityMapperImpl'
[2022-08-14 19:43:41] - Creating shared instance of singleton bean 'schemaMapperImpl'
[2022-08-14 19:43:41] - Creating shared instance of singleton bean 'styleEnumMapperImpl'
[2022-08-14 19:43:41] - Creating shared instance of singleton bean 'securitySchemeMapperImpl'
[2022-08-14 19:43:41] - Creating shared instance of singleton bean 'webMvcOpenApiTransformationFilterRegistry'
[2022-08-14 19:43:41] - Autowiring by type from bean name 'openApiControllerWebMvc' via constructor to bean named 'resourceGroupCache'
[2022-08-14 19:43:41] - Autowiring by type from bean name 'openApiControllerWebMvc' via constructor to bean named 'serviceModelToOpenApiMapperImpl'
[2022-08-14 19:43:41] - Autowiring by type from bean name 'openApiControllerWebMvc' via constructor to bean named 'jsonSerializer'
[2022-08-14 19:43:41] - Autowiring by type from bean name 'openApiControllerWebMvc' via constructor to bean named 'webMvcOpenApiTransformationFilterRegistry'
[2022-08-14 19:43:41] - Creating shared instance of singleton bean 'authenticationManagerBuilder'
[2022-08-14 19:43:41] - Autowiring by type from bean name 'authenticationManagerBuilder' via factory method to bean named 'objectPostProcessor'
[2022-08-14 19:43:41] - Autowiring by type from bean name 'authenticationManagerBuilder' via factory method to bean named 'org.springframework.boot.web.servlet.context.AnnotationConfigServletWebServerApplicationContext@6138e79a'
[2022-08-14 19:43:41] - Creating shared instance of singleton bean 'authenticationEventPublisher'
[2022-08-14 19:43:41] - Creating shared instance of singleton bean 'org.springframework.boot.autoconfigure.security.servlet.SecurityAutoConfiguration'
[2022-08-14 19:43:41] - Autowiring by type from bean name 'authenticationEventPublisher' via factory method to bean named 'org.springframework.boot.web.servlet.context.AnnotationConfigServletWebServerApplicationContext@6138e79a'
[2022-08-14 19:43:41] - Creating shared instance of singleton bean 'org.springframework.security.config.annotation.web.configuration.WebSecurityConfiguration'
[2022-08-14 19:43:41] - Creating shared instance of singleton bean 'delegatingApplicationListener'
[2022-08-14 19:43:41] - Creating shared instance of singleton bean 'springSecurityFilterChain'
[2022-08-14 19:43:41] - You are asking Spring Security to ignore Ant [pattern='/h2-console/**']. This is not recommended -- please use permitAll via HttpSecurity#authorizeHttpRequests instead.
[2022-08-14 19:43:41] - Will not secure Ant [pattern='/h2-console/**']
[2022-08-14 19:43:41] - Creating shared instance of singleton bean 'mvcHandlerMappingIntrospector'
[2022-08-14 19:43:41] - Creating shared instance of singleton bean 'welcomePageHandlerMapping'
[2022-08-14 19:43:41] - Autowiring by type from bean name 'welcomePageHandlerMapping' via factory method to bean named 'org.springframework.boot.web.servlet.context.AnnotationConfigServletWebServerApplicationContext@6138e79a'
[2022-08-14 19:43:41] - Autowiring by type from bean name 'welcomePageHandlerMapping' via factory method to bean named 'mvcConversionService'
[2022-08-14 19:43:41] - Autowiring by type from bean name 'welcomePageHandlerMapping' via factory method to bean named 'mvcResourceUrlProvider'
[2022-08-14 19:43:41] - Creating shared instance of singleton bean 'viewControllerHandlerMapping'
[2022-08-14 19:43:41] - Autowiring by type from bean name 'viewControllerHandlerMapping' via factory method to bean named 'mvcConversionService'
[2022-08-14 19:43:41] - Autowiring by type from bean name 'viewControllerHandlerMapping' via factory method to bean named 'mvcResourceUrlProvider'
[2022-08-14 19:43:41] - 'viewControllerHandlerMapping' {/swagger-ui/=ParameterizableViewController [view="forward:/swagger-ui/index.html"]}
[2022-08-14 19:43:41] - Creating shared instance of singleton bean 'beanNameHandlerMapping'
[2022-08-14 19:43:41] - Autowiring by type from bean name 'beanNameHandlerMapping' via factory method to bean named 'mvcConversionService'
[2022-08-14 19:43:41] - Autowiring by type from bean name 'beanNameHandlerMapping' via factory method to bean named 'mvcResourceUrlProvider'
[2022-08-14 19:43:41] - 'beanNameHandlerMapping' {}
[2022-08-14 19:43:41] - Creating shared instance of singleton bean 'routerFunctionMapping'
[2022-08-14 19:43:41] - Autowiring by type from bean name 'routerFunctionMapping' via factory method to bean named 'mvcConversionService'
[2022-08-14 19:43:41] - Autowiring by type from bean name 'routerFunctionMapping' via factory method to bean named 'mvcResourceUrlProvider'
[2022-08-14 19:43:41] - Creating shared instance of singleton bean 'messageConverters'
[2022-08-14 19:43:41] - Creating shared instance of singleton bean 'org.springframework.boot.autoconfigure.http.HttpMessageConvertersAutoConfiguration'
[2022-08-14 19:43:41] - Creating shared instance of singleton bean 'stringHttpMessageConverter'
[2022-08-14 19:43:41] - Creating shared instance of singleton bean 'org.springframework.boot.autoconfigure.http.HttpMessageConvertersAutoConfiguration$StringHttpMessageConverterConfiguration'
[2022-08-14 19:43:41] - Autowiring by type from bean name 'stringHttpMessageConverter' via factory method to bean named 'environment'
[2022-08-14 19:43:41] - Creating shared instance of singleton bean 'mappingJackson2HttpMessageConverter'
[2022-08-14 19:43:41] - Creating shared instance of singleton bean 'org.springframework.boot.autoconfigure.http.JacksonHttpMessageConvertersConfiguration$MappingJackson2HttpMessageConverterConfiguration'
[2022-08-14 19:43:41] - Creating shared instance of singleton bean 'jacksonObjectMapper'
[2022-08-14 19:43:41] - Creating shared instance of singleton bean 'org.springframework.boot.autoconfigure.jackson.JacksonAutoConfiguration$JacksonObjectMapperConfiguration'
[2022-08-14 19:43:41] - Creating shared instance of singleton bean 'org.springframework.boot.autoconfigure.jackson.JacksonAutoConfiguration$JacksonObjectMapperBuilderConfiguration'
[2022-08-14 19:43:41] - Creating shared instance of singleton bean 'standardJacksonObjectMapperBuilderCustomizer'
[2022-08-14 19:43:41] - Creating shared instance of singleton bean 'org.springframework.boot.autoconfigure.jackson.JacksonAutoConfiguration$Jackson2ObjectMapperBuilderCustomizerConfiguration'
[2022-08-14 19:43:41] - Creating shared instance of singleton bean 'spring.jackson-org.springframework.boot.autoconfigure.jackson.JacksonProperties'
[2022-08-14 19:43:41] - Autowiring by type from bean name 'standardJacksonObjectMapperBuilderCustomizer' via factory method to bean named 'org.springframework.boot.web.servlet.context.AnnotationConfigServletWebServerApplicationContext@6138e79a'
[2022-08-14 19:43:41] - Autowiring by type from bean name 'standardJacksonObjectMapperBuilderCustomizer' via factory method to bean named 'spring.jackson-org.springframework.boot.autoconfigure.jackson.JacksonProperties'
[2022-08-14 19:43:41] - Autowiring by type from bean name 'jacksonObjectMapperBuilder' via factory method to bean named 'org.springframework.boot.web.servlet.context.AnnotationConfigServletWebServerApplicationContext@6138e79a'
[2022-08-14 19:43:41] - Autowiring by type from bean name 'jacksonObjectMapperBuilder' via factory method to bean named 'standardJacksonObjectMapperBuilderCustomizer'
[2022-08-14 19:43:41] - Creating shared instance of singleton bean 'parameterNamesModule'
[2022-08-14 19:43:41] - Creating shared instance of singleton bean 'org.springframework.boot.autoconfigure.jackson.JacksonAutoConfiguration$ParameterNamesModuleConfiguration'
[2022-08-14 19:43:41] - Creating shared instance of singleton bean 'jsonComponentModule'
[2022-08-14 19:43:41] - Creating shared instance of singleton bean 'org.springframework.boot.autoconfigure.jackson.JacksonAutoConfiguration'
[2022-08-14 19:43:41] - Creating shared instance of singleton bean 'jsonMixinModule'
[2022-08-14 19:43:41] - Autowiring by type from bean name 'jsonMixinModule' via factory method to bean named 'org.springframework.boot.web.servlet.context.AnnotationConfigServletWebServerApplicationContext@6138e79a'
[2022-08-14 19:43:41] - Creating shared instance of singleton bean 'jacksonGeoModule'
[2022-08-14 19:43:41] - Creating shared instance of singleton bean 'org.springframework.data.web.config.SpringDataJacksonConfiguration'
[2022-08-14 19:43:41] - Autowiring by type from bean name 'jacksonObjectMapper' via factory method to bean named 'jacksonObjectMapperBuilder'
[2022-08-14 19:43:41] - Autowiring by type from bean name 'mappingJackson2HttpMessageConverter' via factory method to bean named 'jacksonObjectMapper'
[2022-08-14 19:43:41] - Creating shared instance of singleton bean 'resourceHandlerMapping'
[2022-08-14 19:43:41] - Autowiring by type from bean name 'resourceHandlerMapping' via factory method to bean named 'mvcContentNegotiationManager'
[2022-08-14 19:43:41] - Autowiring by type from bean name 'resourceHandlerMapping' via factory method to bean named 'mvcConversionService'
[2022-08-14 19:43:41] - Autowiring by type from bean name 'resourceHandlerMapping' via factory method to bean named 'mvcResourceUrlProvider'
[2022-08-14 19:43:41] - 'resourceHandlerMapping' {/webjars/**=ResourceHttpRequestHandler [classpath [META-INF/resources/webjars/]], /**=ResourceHttpRequestHandler [classpath [META-INF/resources/], classpath [resources/], classpath [static/], classpath [public/], ServletContext [/]], /swagger-ui/**=ResourceHttpRequestHandler [classpath [META-INF/resources/webjars/springfox-swagger-ui/]]}
[2022-08-14 19:43:41] - Creating shared instance of singleton bean 'defaultServletHandlerMapping'
[2022-08-14 19:43:41] - Adding web access control expression [permitAll] for Ant [pattern='/token']
[2022-08-14 19:43:41] - Adding web access control expression [permitAll] for Ant [pattern='/authentication/token']
[2022-08-14 19:43:41] - Adding web access control expression [permitAll] for Ant [pattern='/swagger-resources/**']
[2022-08-14 19:43:41] - Adding web access control expression [permitAll] for Ant [pattern='/swagger-ui.html']
[2022-08-14 19:43:41] - Adding web access control expression [permitAll] for Ant [pattern='/swagger-ui/**']
[2022-08-14 19:43:41] - Adding web access control expression [permitAll] for Ant [pattern='/v2/api-docs']
[2022-08-14 19:43:41] - Adding web access control expression [permitAll] for Ant [pattern='/webjars/**']
[2022-08-14 19:43:41] - Adding web access control expression [authenticated] for any request
[2022-08-14 19:43:41] - Will secure any request with [org.springframework.security.web.session.DisableEncodeUrlFilter@3f31cf8f, org.springframework.security.web.context.request.async.WebAsyncManagerIntegrationFilter@28721794, org.springframework.security.web.context.SecurityContextPersistenceFilter@e8fb390, org.springframework.security.web.header.HeaderWriterFilter@3a22d69f, org.springframework.web.filter.CorsFilter@3507200d, org.springframework.security.web.authentication.logout.LogoutFilter@1de6689c, com.authorization.config.JwtAuthenticationFilter@3dbf3bc, org.springframework.security.web.savedrequest.RequestCacheAwareFilter@5cdf61d, org.springframework.security.web.servletapi.SecurityContextHolderAwareRequestFilter@1dbb9a4a, org.springframework.security.web.authentication.AnonymousAuthenticationFilter@4db10b9f, org.springframework.security.web.session.SessionManagementFilter@299cddbf, org.springframework.security.web.access.ExceptionTranslationFilter@4607cbe2, org.springframework.security.web.access.intercept.FilterSecurityInterceptor@7a0f1f9d]
[2022-08-14 19:43:41] - Creating shared instance of singleton bean 'webSecurityExpressionHandler'
[2022-08-14 19:43:41] - Creating shared instance of singleton bean 'privilegeEvaluator'
[2022-08-14 19:43:41] - Creating shared instance of singleton bean 'requestDataValueProcessor'
[2022-08-14 19:43:41] - Creating shared instance of singleton bean 'org.springframework.security.config.annotation.web.configuration.HttpSecurityConfiguration'
[2022-08-14 19:43:41] - Creating shared instance of singleton bean 'passwordEncoder'
[2022-08-14 19:43:41] - Creating shared instance of singleton bean 'springfox.documentation.swagger.configuration.SwaggerCommonConfiguration'
[2022-08-14 19:43:41] - Creating shared instance of singleton bean 'springfox.documentation.spring.web.SpringfoxWebMvcConfiguration'
[2022-08-14 19:43:41] - Creating shared instance of singleton bean 'springfox.documentation.swagger2.configuration.Swagger2WebMvcConfiguration'
[2022-08-14 19:43:41] - Creating shared instance of singleton bean 'webMvcSwaggerTransformer'
[2022-08-14 19:43:41] - Autowiring by type from bean name 'webMvcSwaggerTransformer' via factory method to bean named 'environment'
[2022-08-14 19:43:41] - Creating shared instance of singleton bean 'restTemplate'
[2022-08-14 19:43:41] - Creating shared instance of singleton bean 'org.springframework.boot.autoconfigure.context.PropertyPlaceholderAutoConfiguration'
[2022-08-14 19:43:41] - Creating shared instance of singleton bean 'org.springframework.boot.autoconfigure.websocket.servlet.WebSocketServletAutoConfiguration'
[2022-08-14 19:43:41] - Creating shared instance of singleton bean 'org.springframework.boot.context.properties.EnableConfigurationPropertiesRegistrar.methodValidationExcludeFilter'
[2022-08-14 19:43:41] - Creating shared instance of singleton bean 'org.springframework.boot.autoconfigure.web.servlet.DispatcherServletAutoConfiguration'
[2022-08-14 19:43:41] - Creating shared instance of singleton bean 'org.springframework.boot.autoconfigure.task.TaskExecutionAutoConfiguration'
[2022-08-14 19:43:41] - Creating shared instance of singleton bean 'taskExecutorBuilder'
[2022-08-14 19:43:41] - Creating shared instance of singleton bean 'spring.task.execution-org.springframework.boot.autoconfigure.task.TaskExecutionProperties'
[2022-08-14 19:43:41] - Autowiring by type from bean name 'taskExecutorBuilder' via factory method to bean named 'spring.task.execution-org.springframework.boot.autoconfigure.task.TaskExecutionProperties'
[2022-08-14 19:43:41] - Creating shared instance of singleton bean 'org.springframework.boot.autoconfigure.web.servlet.error.ErrorMvcAutoConfiguration$WhitelabelErrorViewConfiguration'
[2022-08-14 19:43:41] - Creating shared instance of singleton bean 'error'
[2022-08-14 19:43:41] - Creating shared instance of singleton bean 'beanNameViewResolver'
[2022-08-14 19:43:41] - Creating shared instance of singleton bean 'org.springframework.boot.autoconfigure.web.servlet.error.ErrorMvcAutoConfiguration$DefaultErrorViewResolverConfiguration'
[2022-08-14 19:43:41] - Autowiring by type from bean name 'org.springframework.boot.autoconfigure.web.servlet.error.ErrorMvcAutoConfiguration$DefaultErrorViewResolverConfiguration' via constructor to bean named 'org.springframework.boot.web.servlet.context.AnnotationConfigServletWebServerApplicationContext@6138e79a'
[2022-08-14 19:43:41] - Autowiring by type from bean name 'org.springframework.boot.autoconfigure.web.servlet.error.ErrorMvcAutoConfiguration$DefaultErrorViewResolverConfiguration' via constructor to bean named 'spring.web-org.springframework.boot.autoconfigure.web.WebProperties'
[2022-08-14 19:43:41] - Creating shared instance of singleton bean 'conventionErrorViewResolver'
[2022-08-14 19:43:41] - Creating shared instance of singleton bean 'errorAttributes'
[2022-08-14 19:43:41] - Creating shared instance of singleton bean 'basicErrorController'
[2022-08-14 19:43:41] - Autowiring by type from bean name 'basicErrorController' via factory method to bean named 'errorAttributes'
[2022-08-14 19:43:41] - Creating shared instance of singleton bean 'requestMappingHandlerAdapter'
[2022-08-14 19:43:41] - Creating shared instance of singleton bean 'mvcValidator'
[2022-08-14 19:43:41] - Autowiring by type from bean name 'requestMappingHandlerAdapter' via factory method to bean named 'mvcContentNegotiationManager'
[2022-08-14 19:43:41] - Autowiring by type from bean name 'requestMappingHandlerAdapter' via factory method to bean named 'mvcConversionService'
[2022-08-14 19:43:41] - Autowiring by type from bean name 'requestMappingHandlerAdapter' via factory method to bean named 'mvcValidator'
[2022-08-14 19:43:41] - Autowiring by type from bean name 'requestMappingHandlerAdapter' via factory method to bean named 'mvcContentNegotiationManager'
[2022-08-14 19:43:41] - Autowiring by type from bean name 'requestMappingHandlerAdapter' via factory method to bean named 'mvcConversionService'
[2022-08-14 19:43:41] - Autowiring by type from bean name 'requestMappingHandlerAdapter' via factory method to bean named 'mvcValidator'
[2022-08-14 19:43:41] - Creating shared instance of singleton bean 'sortResolver'
[2022-08-14 19:43:41] - Creating shared instance of singleton bean 'sortCustomizer'
[2022-08-14 19:43:41] - Creating shared instance of singleton bean 'org.springframework.boot.autoconfigure.data.web.SpringDataWebAutoConfiguration'
[2022-08-14 19:43:41] - Creating shared instance of singleton bean 'spring.data.web-org.springframework.boot.autoconfigure.data.web.SpringDataWebProperties'
